INFO:     127.0.0.1:48766 - "OPTIONS /api/training/tasks/69 HTTP/1.1" 200 OK
2026-02-05 23:41:56,622 INFO sqlalchemy.engine.Engine BEGIN (implicit)
INFO:sqlalchemy.engine.Engine:BEGIN (implicit)
2026-02-05 23:41:56,623 INFO sqlalchemy.engine.Engine SELECT training_tasks.id AS training_tasks_id, training_tasks.task_name AS training_tasks_task_name, training_tasks.model_type AS training_tasks_model_type, training_tasks.language AS training_tasks_language, training_tasks.status AS training_tasks_status, training_tasks.parameters AS training_tasks_parameters, training_tasks.dataset_path AS training_tasks_dataset_path, training_tasks.result_path AS training_tasks_result_path, training_tasks.created_at AS training_tasks_created_at, training_tasks.updated_at AS training_tasks_updated_at, training_tasks.created_by AS training_tasks_created_by 
FROM training_tasks 
WHERE training_tasks.id = %(id_1)s 
 LIMIT %(param_1)s
INFO:sqlalchemy.engine.Engine:SELECT training_tasks.id AS training_tasks_id, training_tasks.task_name AS training_tasks_task_name, training_tasks.model_type AS training_tasks_model_type, training_tasks.language AS training_tasks_language, training_tasks.status AS training_tasks_status, training_tasks.parameters AS training_tasks_parameters, training_tasks.dataset_path AS training_tasks_dataset_path, training_tasks.result_path AS training_tasks_result_path, training_tasks.created_at AS training_tasks_created_at, training_tasks.updated_at AS training_tasks_updated_at, training_tasks.created_by AS training_tasks_created_by 
FROM training_tasks 
WHERE training_tasks.id = %(id_1)s 
 LIMIT %(param_1)s
2026-02-05 23:41:56,623 INFO sqlalchemy.engine.Engine [cached since 252.5s ago] {'id_1': 69, 'param_1': 1}
INFO:sqlalchemy.engine.Engine:[cached since 252.5s ago] {'id_1': 69, 'param_1': 1}
INFO:     127.0.0.1:48766 - "GET /api/training/tasks/69 HTTP/1.1" 200 OK
2026-02-05 23:41:56,625 INFO sqlalchemy.engine.Engine ROLLBACK
INFO:sqlalchemy.engine.Engine:ROLLBACK
INFO:     127.0.0.1:48772 - "OPTIONS /api/training/tasks/69 HTTP/1.1" 200 OK
2026-02-05 23:42:02,581 INFO sqlalchemy.engine.Engine BEGIN (implicit)
INFO:sqlalchemy.engine.Engine:BEGIN (implicit)
2026-02-05 23:42:02,581 INFO sqlalchemy.engine.Engine SELECT training_tasks.id AS training_tasks_id, training_tasks.task_name AS training_tasks_task_name, training_tasks.model_type AS training_tasks_model_type, training_tasks.language AS training_tasks_language, training_tasks.status AS training_tasks_status, training_tasks.parameters AS training_tasks_parameters, training_tasks.dataset_path AS training_tasks_dataset_path, training_tasks.result_path AS training_tasks_result_path, training_tasks.created_at AS training_tasks_created_at, training_tasks.updated_at AS training_tasks_updated_at, training_tasks.created_by AS training_tasks_created_by 
FROM training_tasks 
WHERE training_tasks.id = %(id_1)s 
 LIMIT %(param_1)s
INFO:sqlalchemy.engine.Engine:SELECT training_tasks.id AS training_tasks_id, training_tasks.task_name AS training_tasks_task_name, training_tasks.model_type AS training_tasks_model_type, training_tasks.language AS training_tasks_language, training_tasks.status AS training_tasks_status, training_tasks.parameters AS training_tasks_parameters, training_tasks.dataset_path AS training_tasks_dataset_path, training_tasks.result_path AS training_tasks_result_path, training_tasks.created_at AS training_tasks_created_at, training_tasks.updated_at AS training_tasks_updated_at, training_tasks.created_by AS training_tasks_created_by 
FROM training_tasks 
WHERE training_tasks.id = %(id_1)s 
 LIMIT %(param_1)s
2026-02-05 23:42:02,581 INFO sqlalchemy.engine.Engine [cached since 258.4s ago] {'id_1': 69, 'param_1': 1}
INFO:sqlalchemy.engine.Engine:[cached since 258.4s ago] {'id_1': 69, 'param_1': 1}
INFO:     127.0.0.1:48772 - "GET /api/training/tasks/69 HTTP/1.1" 200 OK
2026-02-05 23:42:02,583 INFO sqlalchemy.engine.Engine ROLLBACK
INFO:sqlalchemy.engine.Engine:ROLLBACK
INFO:     127.0.0.1:39698 - "OPTIONS /api/training/tasks/69 HTTP/1.1" 200 OK
2026-02-05 23:42:08,553 INFO sqlalchemy.engine.Engine BEGIN (implicit)
INFO:sqlalchemy.engine.Engine:BEGIN (implicit)
2026-02-05 23:42:08,554 INFO sqlalchemy.engine.Engine SELECT training_tasks.id AS training_tasks_id, training_tasks.task_name AS training_tasks_task_name, training_tasks.model_type AS training_tasks_model_type, training_tasks.language AS training_tasks_language, training_tasks.status AS training_tasks_status, training_tasks.parameters AS training_tasks_parameters, training_tasks.dataset_path AS training_tasks_dataset_path, training_tasks.result_path AS training_tasks_result_path, training_tasks.created_at AS training_tasks_created_at, training_tasks.updated_at AS training_tasks_updated_at, training_tasks.created_by AS training_tasks_created_by 
FROM training_tasks 
WHERE training_tasks.id = %(id_1)s 
 LIMIT %(param_1)s
INFO:sqlalchemy.engine.Engine:SELECT training_tasks.id AS training_tasks_id, training_tasks.task_name AS training_tasks_task_name, training_tasks.model_type AS training_tasks_model_type, training_tasks.language AS training_tasks_language, training_tasks.status AS training_tasks_status, training_tasks.parameters AS training_tasks_parameters, training_tasks.dataset_path AS training_tasks_dataset_path, training_tasks.result_path AS training_tasks_result_path, training_tasks.created_at AS training_tasks_created_at, training_tasks.updated_at AS training_tasks_updated_at, training_tasks.created_by AS training_tasks_created_by 
FROM training_tasks 
WHERE training_tasks.id = %(id_1)s 
 LIMIT %(param_1)s
2026-02-05 23:42:08,554 INFO sqlalchemy.engine.Engine [cached since 264.4s ago] {'id_1': 69, 'param_1': 1}
INFO:sqlalchemy.engine.Engine:[cached since 264.4s ago] {'id_1': 69, 'param_1': 1}
INFO:     127.0.0.1:39698 - "GET /api/training/tasks/69 HTTP/1.1" 200 OK
2026-02-05 23:42:08,556 INFO sqlalchemy.engine.Engine ROLLBACK
INFO:sqlalchemy.engine.Engine:ROLLBACK
INFO:     127.0.0.1:39712 - "OPTIONS /api/training/tasks/69 HTTP/1.1" 200 OK
2026-02-05 23:42:14,596 INFO sqlalchemy.engine.Engine BEGIN (implicit)
INFO:sqlalchemy.engine.Engine:BEGIN (implicit)
2026-02-05 23:42:14,596 INFO sqlalchemy.engine.Engine SELECT training_tasks.id AS training_tasks_id, training_tasks.task_name AS training_tasks_task_name, training_tasks.model_type AS training_tasks_model_type, training_tasks.language AS training_tasks_language, training_tasks.status AS training_tasks_status, training_tasks.parameters AS training_tasks_parameters, training_tasks.dataset_path AS training_tasks_dataset_path, training_tasks.result_path AS training_tasks_result_path, training_tasks.created_at AS training_tasks_created_at, training_tasks.updated_at AS training_tasks_updated_at, training_tasks.created_by AS training_tasks_created_by 
FROM training_tasks 
WHERE training_tasks.id = %(id_1)s 
 LIMIT %(param_1)s
INFO:sqlalchemy.engine.Engine:SELECT training_tasks.id AS training_tasks_id, training_tasks.task_name AS training_tasks_task_name, training_tasks.model_type AS training_tasks_model_type, training_tasks.language AS training_tasks_language, training_tasks.status AS training_tasks_status, training_tasks.parameters AS training_tasks_parameters, training_tasks.dataset_path AS training_tasks_dataset_path, training_tasks.result_path AS training_tasks_result_path, training_tasks.created_at AS training_tasks_created_at, training_tasks.updated_at AS training_tasks_updated_at, training_tasks.created_by AS training_tasks_created_by 
FROM training_tasks 
WHERE training_tasks.id = %(id_1)s 
 LIMIT %(param_1)s
2026-02-05 23:42:14,596 INFO sqlalchemy.engine.Engine [cached since 270.4s ago] {'id_1': 69, 'param_1': 1}
INFO:sqlalchemy.engine.Engine:[cached since 270.4s ago] {'id_1': 69, 'param_1': 1}
INFO:     127.0.0.1:39712 - "GET /api/training/tasks/69 HTTP/1.1" 200 OK
2026-02-05 23:42:14,598 INFO sqlalchemy.engine.Engine ROLLBACK
INFO:sqlalchemy.engine.Engine:ROLLBACK
INFO:     127.0.0.1:40248 - "OPTIONS /api/training/tasks/69 HTTP/1.1" 200 OK
2026-02-05 23:42:20,599 INFO sqlalchemy.engine.Engine BEGIN (implicit)
INFO:sqlalchemy.engine.Engine:BEGIN (implicit)
2026-02-05 23:42:20,599 INFO sqlalchemy.engine.Engine SELECT training_tasks.id AS training_tasks_id, training_tasks.task_name AS training_tasks_task_name, training_tasks.model_type AS training_tasks_model_type, training_tasks.language AS training_tasks_language, training_tasks.status AS training_tasks_status, training_tasks.parameters AS training_tasks_parameters, training_tasks.dataset_path AS training_tasks_dataset_path, training_tasks.result_path AS training_tasks_result_path, training_tasks.created_at AS training_tasks_created_at, training_tasks.updated_at AS training_tasks_updated_at, training_tasks.created_by AS training_tasks_created_by 
FROM training_tasks 
WHERE training_tasks.id = %(id_1)s 
 LIMIT %(param_1)s
INFO:sqlalchemy.engine.Engine:SELECT training_tasks.id AS training_tasks_id, training_tasks.task_name AS training_tasks_task_name, training_tasks.model_type AS training_tasks_model_type, training_tasks.language AS training_tasks_language, training_tasks.status AS training_tasks_status, training_tasks.parameters AS training_tasks_parameters, training_tasks.dataset_path AS training_tasks_dataset_path, training_tasks.result_path AS training_tasks_result_path, training_tasks.created_at AS training_tasks_created_at, training_tasks.updated_at AS training_tasks_updated_at, training_tasks.created_by AS training_tasks_created_by 
FROM training_tasks 
WHERE training_tasks.id = %(id_1)s 
 LIMIT %(param_1)s
2026-02-05 23:42:20,599 INFO sqlalchemy.engine.Engine [cached since 276.4s ago] {'id_1': 69, 'param_1': 1}
INFO:sqlalchemy.engine.Engine:[cached since 276.4s ago] {'id_1': 69, 'param_1': 1}
INFO:     127.0.0.1:40248 - "GET /api/training/tasks/69 HTTP/1.1" 200 OK
2026-02-05 23:42:20,601 INFO sqlalchemy.engine.Engine ROLLBACK
INFO:sqlalchemy.engine.Engine:ROLLBACK
INFO:     127.0.0.1:49662 - "OPTIONS /api/training/tasks/69 HTTP/1.1" 200 OK
2026-02-05 23:42:26,615 INFO sqlalchemy.engine.Engine BEGIN (implicit)
INFO:sqlalchemy.engine.Engine:BEGIN (implicit)
2026-02-05 23:42:26,616 INFO sqlalchemy.engine.Engine SELECT training_tasks.id AS training_tasks_id, training_tasks.task_name AS training_tasks_task_name, training_tasks.model_type AS training_tasks_model_type, training_tasks.language AS training_tasks_language, training_tasks.status AS training_tasks_status, training_tasks.parameters AS training_tasks_parameters, training_tasks.dataset_path AS training_tasks_dataset_path, training_tasks.result_path AS training_tasks_result_path, training_tasks.created_at AS training_tasks_created_at, training_tasks.updated_at AS training_tasks_updated_at, training_tasks.created_by AS training_tasks_created_by 
FROM training_tasks 
WHERE training_tasks.id = %(id_1)s 
 LIMIT %(param_1)s
INFO:sqlalchemy.engine.Engine:SELECT training_tasks.id AS training_tasks_id, training_tasks.task_name AS training_tasks_task_name, training_tasks.model_type AS training_tasks_model_type, training_tasks.language AS training_tasks_language, training_tasks.status AS training_tasks_status, training_tasks.parameters AS training_tasks_parameters, training_tasks.dataset_path AS training_tasks_dataset_path, training_tasks.result_path AS training_tasks_result_path, training_tasks.created_at AS training_tasks_created_at, training_tasks.updated_at AS training_tasks_updated_at, training_tasks.created_by AS training_tasks_created_by 
FROM training_tasks 
WHERE training_tasks.id = %(id_1)s 
 LIMIT %(param_1)s
2026-02-05 23:42:26,616 INFO sqlalchemy.engine.Engine [cached since 282.4s ago] {'id_1': 69, 'param_1': 1}
INFO:sqlalchemy.engine.Engine:[cached since 282.4s ago] {'id_1': 69, 'param_1': 1}
INFO:     127.0.0.1:49662 - "GET /api/training/tasks/69 HTTP/1.1" 200 OK
2026-02-05 23:42:26,618 INFO sqlalchemy.engine.Engine ROLLBACK
INFO:sqlalchemy.engine.Engine:ROLLBACK
INFO:     127.0.0.1:49666 - "OPTIONS /api/training/tasks/69 HTTP/1.1" 200 OK
2026-02-05 23:42:32,587 INFO sqlalchemy.engine.Engine BEGIN (implicit)
INFO:sqlalchemy.engine.Engine:BEGIN (implicit)
2026-02-05 23:42:32,587 INFO sqlalchemy.engine.Engine SELECT training_tasks.id AS training_tasks_id, training_tasks.task_name AS training_tasks_task_name, training_tasks.model_type AS training_tasks_model_type, training_tasks.language AS training_tasks_language, training_tasks.status AS training_tasks_status, training_tasks.parameters AS training_tasks_parameters, training_tasks.dataset_path AS training_tasks_dataset_path, training_tasks.result_path AS training_tasks_result_path, training_tasks.created_at AS training_tasks_created_at, training_tasks.updated_at AS training_tasks_updated_at, training_tasks.created_by AS training_tasks_created_by 
FROM training_tasks 
WHERE training_tasks.id = %(id_1)s 
 LIMIT %(param_1)s
INFO:sqlalchemy.engine.Engine:SELECT training_tasks.id AS training_tasks_id, training_tasks.task_name AS training_tasks_task_name, training_tasks.model_type AS training_tasks_model_type, training_tasks.language AS training_tasks_language, training_tasks.status AS training_tasks_status, training_tasks.parameters AS training_tasks_parameters, training_tasks.dataset_path AS training_tasks_dataset_path, training_tasks.result_path AS training_tasks_result_path, training_tasks.created_at AS training_tasks_created_at, training_tasks.updated_at AS training_tasks_updated_at, training_tasks.created_by AS training_tasks_created_by 
FROM training_tasks 
WHERE training_tasks.id = %(id_1)s 
 LIMIT %(param_1)s
2026-02-05 23:42:32,588 INFO sqlalchemy.engine.Engine [cached since 288.4s ago] {'id_1': 69, 'param_1': 1}
INFO:sqlalchemy.engine.Engine:[cached since 288.4s ago] {'id_1': 69, 'param_1': 1}
INFO:     127.0.0.1:49666 - "GET /api/training/tasks/69 HTTP/1.1" 200 OK
2026-02-05 23:42:32,590 INFO sqlalchemy.engine.Engine ROLLBACK
INFO:sqlalchemy.engine.Engine:ROLLBACK
INFO:     127.0.0.1:42994 - "OPTIONS /api/training/tasks/69 HTTP/1.1" 200 OK
2026-02-05 23:42:38,567 INFO sqlalchemy.engine.Engine BEGIN (implicit)
INFO:sqlalchemy.engine.Engine:BEGIN (implicit)
2026-02-05 23:42:38,567 INFO sqlalchemy.engine.Engine SELECT training_tasks.id AS training_tasks_id, training_tasks.task_name AS training_tasks_task_name, training_tasks.model_type AS training_tasks_model_type, training_tasks.language AS training_tasks_language, training_tasks.status AS training_tasks_status, training_tasks.parameters AS training_tasks_parameters, training_tasks.dataset_path AS training_tasks_dataset_path, training_tasks.result_path AS training_tasks_result_path, training_tasks.created_at AS training_tasks_created_at, training_tasks.updated_at AS training_tasks_updated_at, training_tasks.created_by AS training_tasks_created_by 
FROM training_tasks 
WHERE training_tasks.id = %(id_1)s 
 LIMIT %(param_1)s
INFO:sqlalchemy.engine.Engine:SELECT training_tasks.id AS training_tasks_id, training_tasks.task_name AS training_tasks_task_name, training_tasks.model_type AS training_tasks_model_type, training_tasks.language AS training_tasks_language, training_tasks.status AS training_tasks_status, training_tasks.parameters AS training_tasks_parameters, training_tasks.dataset_path AS training_tasks_dataset_path, training_tasks.result_path AS training_tasks_result_path, training_tasks.created_at AS training_tasks_created_at, training_tasks.updated_at AS training_tasks_updated_at, training_tasks.created_by AS training_tasks_created_by 
FROM training_tasks 
WHERE training_tasks.id = %(id_1)s 
 LIMIT %(param_1)s
2026-02-05 23:42:38,567 INFO sqlalchemy.engine.Engine [cached since 294.4s ago] {'id_1': 69, 'param_1': 1}
INFO:sqlalchemy.engine.Engine:[cached since 294.4s ago] {'id_1': 69, 'param_1': 1}
INFO:     127.0.0.1:42994 - "GET /api/training/tasks/69 HTTP/1.1" 200 OK
2026-02-05 23:42:38,569 INFO sqlalchemy.engine.Engine ROLLBACK
INFO:sqlalchemy.engine.Engine:ROLLBACK
INFO:     127.0.0.1:43010 - "OPTIONS /api/training/tasks/69 HTTP/1.1" 200 OK
2026-02-05 23:42:44,576 INFO sqlalchemy.engine.Engine BEGIN (implicit)
INFO:sqlalchemy.engine.Engine:BEGIN (implicit)
2026-02-05 23:42:44,577 INFO sqlalchemy.engine.Engine SELECT training_tasks.id AS training_tasks_id, training_tasks.task_name AS training_tasks_task_name, training_tasks.model_type AS training_tasks_model_type, training_tasks.language AS training_tasks_language, training_tasks.status AS training_tasks_status, training_tasks.parameters AS training_tasks_parameters, training_tasks.dataset_path AS training_tasks_dataset_path, training_tasks.result_path AS training_tasks_result_path, training_tasks.created_at AS training_tasks_created_at, training_tasks.updated_at AS training_tasks_updated_at, training_tasks.created_by AS training_tasks_created_by 
FROM training_tasks 
WHERE training_tasks.id = %(id_1)s 
 LIMIT %(param_1)s
INFO:sqlalchemy.engine.Engine:SELECT training_tasks.id AS training_tasks_id, training_tasks.task_name AS training_tasks_task_name, training_tasks.model_type AS training_tasks_model_type, training_tasks.language AS training_tasks_language, training_tasks.status AS training_tasks_status, training_tasks.parameters AS training_tasks_parameters, training_tasks.dataset_path AS training_tasks_dataset_path, training_tasks.result_path AS training_tasks_result_path, training_tasks.created_at AS training_tasks_created_at, training_tasks.updated_at AS training_tasks_updated_at, training_tasks.created_by AS training_tasks_created_by 
FROM training_tasks 
WHERE training_tasks.id = %(id_1)s 
 LIMIT %(param_1)s
2026-02-05 23:42:44,577 INFO sqlalchemy.engine.Engine [cached since 300.4s ago] {'id_1': 69, 'param_1': 1}
INFO:sqlalchemy.engine.Engine:[cached since 300.4s ago] {'id_1': 69, 'param_1': 1}
INFO:     127.0.0.1:43010 - "GET /api/training/tasks/69 HTTP/1.1" 200 OK
2026-02-05 23:42:44,579 INFO sqlalchemy.engine.Engine ROLLBACK
INFO:sqlalchemy.engine.Engine:ROLLBACK
INFO:     127.0.0.1:58156 - "OPTIONS /api/training/tasks/69 HTTP/1.1" 200 OK
2026-02-05 23:42:50,604 INFO sqlalchemy.engine.Engine BEGIN (implicit)
INFO:sqlalchemy.engine.Engine:BEGIN (implicit)
2026-02-05 23:42:50,605 INFO sqlalchemy.engine.Engine SELECT training_tasks.id AS training_tasks_id, training_tasks.task_name AS training_tasks_task_name, training_tasks.model_type AS training_tasks_model_type, training_tasks.language AS training_tasks_language, training_tasks.status AS training_tasks_status, training_tasks.parameters AS training_tasks_parameters, training_tasks.dataset_path AS training_tasks_dataset_path, training_tasks.result_path AS training_tasks_result_path, training_tasks.created_at AS training_tasks_created_at, training_tasks.updated_at AS training_tasks_updated_at, training_tasks.created_by AS training_tasks_created_by 
FROM training_tasks 
WHERE training_tasks.id = %(id_1)s 
 LIMIT %(param_1)s
INFO:sqlalchemy.engine.Engine:SELECT training_tasks.id AS training_tasks_id, training_tasks.task_name AS training_tasks_task_name, training_tasks.model_type AS training_tasks_model_type, training_tasks.language AS training_tasks_language, training_tasks.status AS training_tasks_status, training_tasks.parameters AS training_tasks_parameters, training_tasks.dataset_path AS training_tasks_dataset_path, training_tasks.result_path AS training_tasks_result_path, training_tasks.created_at AS training_tasks_created_at, training_tasks.updated_at AS training_tasks_updated_at, training_tasks.created_by AS training_tasks_created_by 
FROM training_tasks 
WHERE training_tasks.id = %(id_1)s 
 LIMIT %(param_1)s
2026-02-05 23:42:50,605 INFO sqlalchemy.engine.Engine [cached since 306.4s ago] {'id_1': 69, 'param_1': 1}
INFO:sqlalchemy.engine.Engine:[cached since 306.4s ago] {'id_1': 69, 'param_1': 1}
INFO:     127.0.0.1:58156 - "GET /api/training/tasks/69 HTTP/1.1" 200 OK
2026-02-05 23:42:50,607 INFO sqlalchemy.engine.Engine ROLLBACK
INFO:sqlalchemy.engine.Engine:ROLLBACK
INFO:     127.0.0.1:55696 - "OPTIONS /api/training/tasks/69 HTTP/1.1" 200 OK
2026-02-05 23:42:56,591 INFO sqlalchemy.engine.Engine BEGIN (implicit)
INFO:sqlalchemy.engine.Engine:BEGIN (implicit)
2026-02-05 23:42:56,592 INFO sqlalchemy.engine.Engine SELECT training_tasks.id AS training_tasks_id, training_tasks.task_name AS training_tasks_task_name, training_tasks.model_type AS training_tasks_model_type, training_tasks.language AS training_tasks_language, training_tasks.status AS training_tasks_status, training_tasks.parameters AS training_tasks_parameters, training_tasks.dataset_path AS training_tasks_dataset_path, training_tasks.result_path AS training_tasks_result_path, training_tasks.created_at AS training_tasks_created_at, training_tasks.updated_at AS training_tasks_updated_at, training_tasks.created_by AS training_tasks_created_by 
FROM training_tasks 
WHERE training_tasks.id = %(id_1)s 
 LIMIT %(param_1)s
INFO:sqlalchemy.engine.Engine:SELECT training_tasks.id AS training_tasks_id, training_tasks.task_name AS training_tasks_task_name, training_tasks.model_type AS training_tasks_model_type, training_tasks.language AS training_tasks_language, training_tasks.status AS training_tasks_status, training_tasks.parameters AS training_tasks_parameters, training_tasks.dataset_path AS training_tasks_dataset_path, training_tasks.result_path AS training_tasks_result_path, training_tasks.created_at AS training_tasks_created_at, training_tasks.updated_at AS training_tasks_updated_at, training_tasks.created_by AS training_tasks_created_by 
FROM training_tasks 
WHERE training_tasks.id = %(id_1)s 
 LIMIT %(param_1)s
2026-02-05 23:42:56,592 INFO sqlalchemy.engine.Engine [cached since 312.4s ago] {'id_1': 69, 'param_1': 1}
INFO:sqlalchemy.engine.Engine:[cached since 312.4s ago] {'id_1': 69, 'param_1': 1}
INFO:     127.0.0.1:55696 - "GET /api/training/tasks/69 HTTP/1.1" 200 OK
2026-02-05 23:42:56,594 INFO sqlalchemy.engine.Engine ROLLBACK
INFO:sqlalchemy.engine.Engine:ROLLBACK
INFO:     127.0.0.1:55702 - "OPTIONS /api/training/tasks/69 HTTP/1.1" 200 OK
2026-02-05 23:43:02,599 INFO sqlalchemy.engine.Engine BEGIN (implicit)
INFO:sqlalchemy.engine.Engine:BEGIN (implicit)
2026-02-05 23:43:02,599 INFO sqlalchemy.engine.Engine SELECT training_tasks.id AS training_tasks_id, training_tasks.task_name AS training_tasks_task_name, training_tasks.model_type AS training_tasks_model_type, training_tasks.language AS training_tasks_language, training_tasks.status AS training_tasks_status, training_tasks.parameters AS training_tasks_parameters, training_tasks.dataset_path AS training_tasks_dataset_path, training_tasks.result_path AS training_tasks_result_path, training_tasks.created_at AS training_tasks_created_at, training_tasks.updated_at AS training_tasks_updated_at, training_tasks.created_by AS training_tasks_created_by 
FROM training_tasks 
WHERE training_tasks.id = %(id_1)s 
 LIMIT %(param_1)s
INFO:sqlalchemy.engine.Engine:SELECT training_tasks.id AS training_tasks_id, training_tasks.task_name AS training_tasks_task_name, training_tasks.model_type AS training_tasks_model_type, training_tasks.language AS training_tasks_language, training_tasks.status AS training_tasks_status, training_tasks.parameters AS training_tasks_parameters, training_tasks.dataset_path AS training_tasks_dataset_path, training_tasks.result_path AS training_tasks_result_path, training_tasks.created_at AS training_tasks_created_at, training_tasks.updated_at AS training_tasks_updated_at, training_tasks.created_by AS training_tasks_created_by 
FROM training_tasks 
WHERE training_tasks.id = %(id_1)s 
 LIMIT %(param_1)s
2026-02-05 23:43:02,600 INFO sqlalchemy.engine.Engine [cached since 318.4s ago] {'id_1': 69, 'param_1': 1}
INFO:sqlalchemy.engine.Engine:[cached since 318.4s ago] {'id_1': 69, 'param_1': 1}
INFO:     127.0.0.1:55702 - "GET /api/training/tasks/69 HTTP/1.1" 200 OK
2026-02-05 23:43:02,602 INFO sqlalchemy.engine.Engine ROLLBACK
INFO:sqlalchemy.engine.Engine:ROLLBACK
INFO:     127.0.0.1:41202 - "OPTIONS /api/training/tasks/69 HTTP/1.1" 200 OK
2026-02-05 23:43:08,208 INFO sqlalchemy.engine.Engine BEGIN (implicit)
INFO:sqlalchemy.engine.Engine:BEGIN (implicit)
2026-02-05 23:43:08,208 INFO sqlalchemy.engine.Engine SELECT training_tasks.id AS training_tasks_id, training_tasks.task_name AS training_tasks_task_name, training_tasks.model_type AS training_tasks_model_type, training_tasks.language AS training_tasks_language, training_tasks.status AS training_tasks_status, training_tasks.parameters AS training_tasks_parameters, training_tasks.dataset_path AS training_tasks_dataset_path, training_tasks.result_path AS training_tasks_result_path, training_tasks.created_at AS training_tasks_created_at, training_tasks.updated_at AS training_tasks_updated_at, training_tasks.created_by AS training_tasks_created_by 
FROM training_tasks 
WHERE training_tasks.id = %(id_1)s 
 LIMIT %(param_1)s
INFO:sqlalchemy.engine.Engine:SELECT training_tasks.id AS training_tasks_id, training_tasks.task_name AS training_tasks_task_name, training_tasks.model_type AS training_tasks_model_type, training_tasks.language AS training_tasks_language, training_tasks.status AS training_tasks_status, training_tasks.parameters AS training_tasks_parameters, training_tasks.dataset_path AS training_tasks_dataset_path, training_tasks.result_path AS training_tasks_result_path, training_tasks.created_at AS training_tasks_created_at, training_tasks.updated_at AS training_tasks_updated_at, training_tasks.created_by AS training_tasks_created_by 
FROM training_tasks 
WHERE training_tasks.id = %(id_1)s 
 LIMIT %(param_1)s
2026-02-05 23:43:08,208 INFO sqlalchemy.engine.Engine [cached since 324s ago] {'id_1': 69, 'param_1': 1}
INFO:sqlalchemy.engine.Engine:[cached since 324s ago] {'id_1': 69, 'param_1': 1}
INFO:     127.0.0.1:41202 - "GET /api/training/tasks/69 HTTP/1.1" 200 OK
2026-02-05 23:43:08,210 INFO sqlalchemy.engine.Engine ROLLBACK
INFO:sqlalchemy.engine.Engine:ROLLBACK
INFO:     127.0.0.1:41212 - "OPTIONS /api/training/tasks/69 HTTP/1.1" 200 OK
2026-02-05 23:43:14,522 INFO sqlalchemy.engine.Engine BEGIN (implicit)
INFO:sqlalchemy.engine.Engine:BEGIN (implicit)
2026-02-05 23:43:14,522 INFO sqlalchemy.engine.Engine SELECT training_tasks.id AS training_tasks_id, training_tasks.task_name AS training_tasks_task_name, training_tasks.model_type AS training_tasks_model_type, training_tasks.language AS training_tasks_language, training_tasks.status AS training_tasks_status, training_tasks.parameters AS training_tasks_parameters, training_tasks.dataset_path AS training_tasks_dataset_path, training_tasks.result_path AS training_tasks_result_path, training_tasks.created_at AS training_tasks_created_at, training_tasks.updated_at AS training_tasks_updated_at, training_tasks.created_by AS training_tasks_created_by 
FROM training_tasks 
WHERE training_tasks.id = %(id_1)s 
 LIMIT %(param_1)s
INFO:sqlalchemy.engine.Engine:SELECT training_tasks.id AS training_tasks_id, training_tasks.task_name AS training_tasks_task_name, training_tasks.model_type AS training_tasks_model_type, training_tasks.language AS training_tasks_language, training_tasks.status AS training_tasks_status, training_tasks.parameters AS training_tasks_parameters, training_tasks.dataset_path AS training_tasks_dataset_path, training_tasks.result_path AS training_tasks_result_path, training_tasks.created_at AS training_tasks_created_at, training_tasks.updated_at AS training_tasks_updated_at, training_tasks.created_by AS training_tasks_created_by 
FROM training_tasks 
WHERE training_tasks.id = %(id_1)s 
 LIMIT %(param_1)s
2026-02-05 23:43:14,522 INFO sqlalchemy.engine.Engine [cached since 330.4s ago] {'id_1': 69, 'param_1': 1}
INFO:sqlalchemy.engine.Engine:[cached since 330.4s ago] {'id_1': 69, 'param_1': 1}
INFO:     127.0.0.1:41212 - "GET /api/training/tasks/69 HTTP/1.1" 200 OK
2026-02-05 23:43:14,524 INFO sqlalchemy.engine.Engine ROLLBACK
INFO:sqlalchemy.engine.Engine:ROLLBACK
INFO:     127.0.0.1:37384 - "OPTIONS /api/training/tasks/69 HTTP/1.1" 200 OK
2026-02-05 23:43:20,543 INFO sqlalchemy.engine.Engine BEGIN (implicit)
INFO:sqlalchemy.engine.Engine:BEGIN (implicit)
2026-02-05 23:43:20,544 INFO sqlalchemy.engine.Engine SELECT training_tasks.id AS training_tasks_id, training_tasks.task_name AS training_tasks_task_name, training_tasks.model_type AS training_tasks_model_type, training_tasks.language AS training_tasks_language, training_tasks.status AS training_tasks_status, training_tasks.parameters AS training_tasks_parameters, training_tasks.dataset_path AS training_tasks_dataset_path, training_tasks.result_path AS training_tasks_result_path, training_tasks.created_at AS training_tasks_created_at, training_tasks.updated_at AS training_tasks_updated_at, training_tasks.created_by AS training_tasks_created_by 
FROM training_tasks 
WHERE training_tasks.id = %(id_1)s 
 LIMIT %(param_1)s
INFO:sqlalchemy.engine.Engine:SELECT training_tasks.id AS training_tasks_id, training_tasks.task_name AS training_tasks_task_name, training_tasks.model_type AS training_tasks_model_type, training_tasks.language AS training_tasks_language, training_tasks.status AS training_tasks_status, training_tasks.parameters AS training_tasks_parameters, training_tasks.dataset_path AS training_tasks_dataset_path, training_tasks.result_path AS training_tasks_result_path, training_tasks.created_at AS training_tasks_created_at, training_tasks.updated_at AS training_tasks_updated_at, training_tasks.created_by AS training_tasks_created_by 
FROM training_tasks 
WHERE training_tasks.id = %(id_1)s 
 LIMIT %(param_1)s
2026-02-05 23:43:20,544 INFO sqlalchemy.engine.Engine [cached since 336.4s ago] {'id_1': 69, 'param_1': 1}
INFO:sqlalchemy.engine.Engine:[cached since 336.4s ago] {'id_1': 69, 'param_1': 1}
INFO:     127.0.0.1:37384 - "GET /api/training/tasks/69 HTTP/1.1" 200 OK
2026-02-05 23:43:20,546 INFO sqlalchemy.engine.Engine ROLLBACK
INFO:sqlalchemy.engine.Engine:ROLLBACK
INFO:     127.0.0.1:37384 - "OPTIONS /api/training/tasks?skip=0&limit=100 HTTP/1.1" 200 OK
2026-02-05 23:43:23,813 INFO sqlalchemy.engine.Engine BEGIN (implicit)
INFO:sqlalchemy.engine.Engine:BEGIN (implicit)
2026-02-05 23:43:23,814 INFO sqlalchemy.engine.Engine SELECT training_tasks.id AS training_tasks_id, training_tasks.task_name AS training_tasks_task_name, training_tasks.model_type AS training_tasks_model_type, training_tasks.language AS training_tasks_language, training_tasks.status AS training_tasks_status, training_tasks.parameters AS training_tasks_parameters, training_tasks.dataset_path AS training_tasks_dataset_path, training_tasks.result_path AS training_tasks_result_path, training_tasks.created_at AS training_tasks_created_at, training_tasks.updated_at AS training_tasks_updated_at, training_tasks.created_by AS training_tasks_created_by 
FROM training_tasks 
 LIMIT %(param_1)s, %(param_2)s
INFO:sqlalchemy.engine.Engine:SELECT training_tasks.id AS training_tasks_id, training_tasks.task_name AS training_tasks_task_name, training_tasks.model_type AS training_tasks_model_type, training_tasks.language AS training_tasks_language, training_tasks.status AS training_tasks_status, training_tasks.parameters AS training_tasks_parameters, training_tasks.dataset_path AS training_tasks_dataset_path, training_tasks.result_path AS training_tasks_result_path, training_tasks.created_at AS training_tasks_created_at, training_tasks.updated_at AS training_tasks_updated_at, training_tasks.created_by AS training_tasks_created_by 
FROM training_tasks 
 LIMIT %(param_1)s, %(param_2)s
2026-02-05 23:43:23,814 INFO sqlalchemy.engine.Engine [generated in 0.00019s] {'param_1': 0, 'param_2': 100}
INFO:sqlalchemy.engine.Engine:[generated in 0.00019s] {'param_1': 0, 'param_2': 100}
INFO:     127.0.0.1:37384 - "GET /api/training/tasks?skip=0&limit=100 HTTP/1.1" 200 OK
2026-02-05 23:43:23,817 INFO sqlalchemy.engine.Engine ROLLBACK
INFO:sqlalchemy.engine.Engine:ROLLBACK
2026-02-05 23:43:25,943 INFO sqlalchemy.engine.Engine BEGIN (implicit)
INFO:sqlalchemy.engine.Engine:BEGIN (implicit)
2026-02-05 23:43:25,943 INFO sqlalchemy.engine.Engine SELECT training_tasks.id AS training_tasks_id, training_tasks.task_name AS training_tasks_task_name, training_tasks.model_type AS training_tasks_model_type, training_tasks.language AS training_tasks_language, training_tasks.status AS training_tasks_status, training_tasks.parameters AS training_tasks_parameters, training_tasks.dataset_path AS training_tasks_dataset_path, training_tasks.result_path AS training_tasks_result_path, training_tasks.created_at AS training_tasks_created_at, training_tasks.updated_at AS training_tasks_updated_at, training_tasks.created_by AS training_tasks_created_by 
FROM training_tasks 
WHERE training_tasks.id = %(id_1)s 
 LIMIT %(param_1)s
INFO:sqlalchemy.engine.Engine:SELECT training_tasks.id AS training_tasks_id, training_tasks.task_name AS training_tasks_task_name, training_tasks.model_type AS training_tasks_model_type, training_tasks.language AS training_tasks_language, training_tasks.status AS training_tasks_status, training_tasks.parameters AS training_tasks_parameters, training_tasks.dataset_path AS training_tasks_dataset_path, training_tasks.result_path AS training_tasks_result_path, training_tasks.created_at AS training_tasks_created_at, training_tasks.updated_at AS training_tasks_updated_at, training_tasks.created_by AS training_tasks_created_by 
FROM training_tasks 
WHERE training_tasks.id = %(id_1)s 
 LIMIT %(param_1)s
2026-02-05 23:43:25,943 INFO sqlalchemy.engine.Engine [cached since 341.8s ago] {'id_1': 69, 'param_1': 1}
INFO:sqlalchemy.engine.Engine:[cached since 341.8s ago] {'id_1': 69, 'param_1': 1}
INFO:     127.0.0.1:37384 - "GET /api/training/tasks/69 HTTP/1.1" 200 OK
2026-02-05 23:43:25,945 INFO sqlalchemy.engine.Engine ROLLBACK
INFO:sqlalchemy.engine.Engine:ROLLBACK
INFO:     127.0.0.1:37384 - "OPTIONS /api/training/tasks/69/logs HTTP/1.1" 200 OK
INFO:     127.0.0.1:37384 - "OPTIONS /api/training/tasks/69 HTTP/1.1" 200 OK
2026-02-05 23:43:26,171 INFO sqlalchemy.engine.Engine BEGIN (implicit)
INFO:sqlalchemy.engine.Engine:BEGIN (implicit)
2026-02-05 23:43:26,172 INFO sqlalchemy.engine.Engine SELECT training_logs.id AS training_logs_id, training_logs.task_id AS training_logs_task_id, training_logs.log_level AS training_logs_log_level, training_logs.message AS training_logs_message, training_logs.timestamp AS training_logs_timestamp 
FROM training_logs 
WHERE training_logs.task_id = %(task_id_1)s
INFO:sqlalchemy.engine.Engine:SELECT training_logs.id AS training_logs_id, training_logs.task_id AS training_logs_task_id, training_logs.log_level AS training_logs_log_level, training_logs.message AS training_logs_message, training_logs.timestamp AS training_logs_timestamp 
FROM training_logs 
WHERE training_logs.task_id = %(task_id_1)s
2026-02-05 23:43:26,173 INFO sqlalchemy.engine.Engine [generated in 0.00018s] {'task_id_1': 69}
INFO:sqlalchemy.engine.Engine:[generated in 0.00018s] {'task_id_1': 69}
INFO:     127.0.0.1:37384 - "GET /api/training/tasks/69/logs HTTP/1.1" 200 OK
2026-02-05 23:43:26,174 INFO sqlalchemy.engine.Engine ROLLBACK
INFO:sqlalchemy.engine.Engine:ROLLBACK
2026-02-05 23:43:26,219 INFO sqlalchemy.engine.Engine BEGIN (implicit)
INFO:sqlalchemy.engine.Engine:BEGIN (implicit)
2026-02-05 23:43:26,220 INFO sqlalchemy.engine.Engine SELECT training_tasks.id AS training_tasks_id, training_tasks.task_name AS training_tasks_task_name, training_tasks.model_type AS training_tasks_model_type, training_tasks.language AS training_tasks_language, training_tasks.status AS training_tasks_status, training_tasks.parameters AS training_tasks_parameters, training_tasks.dataset_path AS training_tasks_dataset_path, training_tasks.result_path AS training_tasks_result_path, training_tasks.created_at AS training_tasks_created_at, training_tasks.updated_at AS training_tasks_updated_at, training_tasks.created_by AS training_tasks_created_by 
FROM training_tasks 
WHERE training_tasks.id = %(id_1)s 
 LIMIT %(param_1)s
INFO:sqlalchemy.engine.Engine:SELECT training_tasks.id AS training_tasks_id, training_tasks.task_name AS training_tasks_task_name, training_tasks.model_type AS training_tasks_model_type, training_tasks.language AS training_tasks_language, training_tasks.status AS training_tasks_status, training_tasks.parameters AS training_tasks_parameters, training_tasks.dataset_path AS training_tasks_dataset_path, training_tasks.result_path AS training_tasks_result_path, training_tasks.created_at AS training_tasks_created_at, training_tasks.updated_at AS training_tasks_updated_at, training_tasks.created_by AS training_tasks_created_by 
FROM training_tasks 
WHERE training_tasks.id = %(id_1)s 
 LIMIT %(param_1)s
2026-02-05 23:43:26,220 INFO sqlalchemy.engine.Engine [cached since 342.1s ago] {'id_1': 69, 'param_1': 1}
INFO:sqlalchemy.engine.Engine:[cached since 342.1s ago] {'id_1': 69, 'param_1': 1}
INFO:     127.0.0.1:37384 - "GET /api/training/tasks/69 HTTP/1.1" 200 OK
2026-02-05 23:43:26,222 INFO sqlalchemy.engine.Engine ROLLBACK
INFO:sqlalchemy.engine.Engine:ROLLBACK
INFO:     127.0.0.1:34164 - "OPTIONS /api/training/tasks/69 HTTP/1.1" 200 OK
2026-02-05 23:43:32,071 INFO sqlalchemy.engine.Engine BEGIN (implicit)
INFO:sqlalchemy.engine.Engine:BEGIN (implicit)
2026-02-05 23:43:32,071 INFO sqlalchemy.engine.Engine SELECT training_tasks.id AS training_tasks_id, training_tasks.task_name AS training_tasks_task_name, training_tasks.model_type AS training_tasks_model_type, training_tasks.language AS training_tasks_language, training_tasks.status AS training_tasks_status, training_tasks.parameters AS training_tasks_parameters, training_tasks.dataset_path AS training_tasks_dataset_path, training_tasks.result_path AS training_tasks_result_path, training_tasks.created_at AS training_tasks_created_at, training_tasks.updated_at AS training_tasks_updated_at, training_tasks.created_by AS training_tasks_created_by 
FROM training_tasks 
WHERE training_tasks.id = %(id_1)s 
 LIMIT %(param_1)s
INFO:sqlalchemy.engine.Engine:SELECT training_tasks.id AS training_tasks_id, training_tasks.task_name AS training_tasks_task_name, training_tasks.model_type AS training_tasks_model_type, training_tasks.language AS training_tasks_language, training_tasks.status AS training_tasks_status, training_tasks.parameters AS training_tasks_parameters, training_tasks.dataset_path AS training_tasks_dataset_path, training_tasks.result_path AS training_tasks_result_path, training_tasks.created_at AS training_tasks_created_at, training_tasks.updated_at AS training_tasks_updated_at, training_tasks.created_by AS training_tasks_created_by 
FROM training_tasks 
WHERE training_tasks.id = %(id_1)s 
 LIMIT %(param_1)s
2026-02-05 23:43:32,071 INFO sqlalchemy.engine.Engine [cached since 347.9s ago] {'id_1': 69, 'param_1': 1}
INFO:sqlalchemy.engine.Engine:[cached since 347.9s ago] {'id_1': 69, 'param_1': 1}
INFO:     127.0.0.1:34164 - "GET /api/training/tasks/69 HTTP/1.1" 200 OK
2026-02-05 23:43:32,073 INFO sqlalchemy.engine.Engine ROLLBACK
INFO:sqlalchemy.engine.Engine:ROLLBACK
INFO:     127.0.0.1:34168 - "OPTIONS /api/training/tasks/69 HTTP/1.1" 200 OK
2026-02-05 23:43:38,112 INFO sqlalchemy.engine.Engine BEGIN (implicit)
INFO:sqlalchemy.engine.Engine:BEGIN (implicit)
2026-02-05 23:43:38,112 INFO sqlalchemy.engine.Engine SELECT training_tasks.id AS training_tasks_id, training_tasks.task_name AS training_tasks_task_name, training_tasks.model_type AS training_tasks_model_type, training_tasks.language AS training_tasks_language, training_tasks.status AS training_tasks_status, training_tasks.parameters AS training_tasks_parameters, training_tasks.dataset_path AS training_tasks_dataset_path, training_tasks.result_path AS training_tasks_result_path, training_tasks.created_at AS training_tasks_created_at, training_tasks.updated_at AS training_tasks_updated_at, training_tasks.created_by AS training_tasks_created_by 
FROM training_tasks 
WHERE training_tasks.id = %(id_1)s 
 LIMIT %(param_1)s
INFO:sqlalchemy.engine.Engine:SELECT training_tasks.id AS training_tasks_id, training_tasks.task_name AS training_tasks_task_name, training_tasks.model_type AS training_tasks_model_type, training_tasks.language AS training_tasks_language, training_tasks.status AS training_tasks_status, training_tasks.parameters AS training_tasks_parameters, training_tasks.dataset_path AS training_tasks_dataset_path, training_tasks.result_path AS training_tasks_result_path, training_tasks.created_at AS training_tasks_created_at, training_tasks.updated_at AS training_tasks_updated_at, training_tasks.created_by AS training_tasks_created_by 
FROM training_tasks 
WHERE training_tasks.id = %(id_1)s 
 LIMIT %(param_1)s
2026-02-05 23:43:38,112 INFO sqlalchemy.engine.Engine [cached since 353.9s ago] {'id_1': 69, 'param_1': 1}
INFO:sqlalchemy.engine.Engine:[cached since 353.9s ago] {'id_1': 69, 'param_1': 1}
INFO:     127.0.0.1:34168 - "GET /api/training/tasks/69 HTTP/1.1" 200 OK
2026-02-05 23:43:38,115 INFO sqlalchemy.engine.Engine ROLLBACK
INFO:sqlalchemy.engine.Engine:ROLLBACK
INFO:     127.0.0.1:34182 - "OPTIONS /api/training/tasks/69 HTTP/1.1" 200 OK
2026-02-05 23:43:44,056 INFO sqlalchemy.engine.Engine BEGIN (implicit)
INFO:sqlalchemy.engine.Engine:BEGIN (implicit)
2026-02-05 23:43:44,056 INFO sqlalchemy.engine.Engine SELECT training_tasks.id AS training_tasks_id, training_tasks.task_name AS training_tasks_task_name, training_tasks.model_type AS training_tasks_model_type, training_tasks.language AS training_tasks_language, training_tasks.status AS training_tasks_status, training_tasks.parameters AS training_tasks_parameters, training_tasks.dataset_path AS training_tasks_dataset_path, training_tasks.result_path AS training_tasks_result_path, training_tasks.created_at AS training_tasks_created_at, training_tasks.updated_at AS training_tasks_updated_at, training_tasks.created_by AS training_tasks_created_by 
FROM training_tasks 
WHERE training_tasks.id = %(id_1)s 
 LIMIT %(param_1)s
INFO:sqlalchemy.engine.Engine:SELECT training_tasks.id AS training_tasks_id, training_tasks.task_name AS training_tasks_task_name, training_tasks.model_type AS training_tasks_model_type, training_tasks.language AS training_tasks_language, training_tasks.status AS training_tasks_status, training_tasks.parameters AS training_tasks_parameters, training_tasks.dataset_path AS training_tasks_dataset_path, training_tasks.result_path AS training_tasks_result_path, training_tasks.created_at AS training_tasks_created_at, training_tasks.updated_at AS training_tasks_updated_at, training_tasks.created_by AS training_tasks_created_by 
FROM training_tasks 
WHERE training_tasks.id = %(id_1)s 
 LIMIT %(param_1)s
2026-02-05 23:43:44,056 INFO sqlalchemy.engine.Engine [cached since 359.9s ago] {'id_1': 69, 'param_1': 1}
INFO:sqlalchemy.engine.Engine:[cached since 359.9s ago] {'id_1': 69, 'param_1': 1}
INFO:     127.0.0.1:34182 - "GET /api/training/tasks/69 HTTP/1.1" 200 OK
2026-02-05 23:43:44,059 INFO sqlalchemy.engine.Engine ROLLBACK
INFO:sqlalchemy.engine.Engine:ROLLBACK
INFO:     127.0.0.1:47546 - "OPTIONS /api/training/tasks/69 HTTP/1.1" 200 OK
2026-02-05 23:43:50,571 INFO sqlalchemy.engine.Engine BEGIN (implicit)
INFO:sqlalchemy.engine.Engine:BEGIN (implicit)
2026-02-05 23:43:50,572 INFO sqlalchemy.engine.Engine SELECT training_tasks.id AS training_tasks_id, training_tasks.task_name AS training_tasks_task_name, training_tasks.model_type AS training_tasks_model_type, training_tasks.language AS training_tasks_language, training_tasks.status AS training_tasks_status, training_tasks.parameters AS training_tasks_parameters, training_tasks.dataset_path AS training_tasks_dataset_path, training_tasks.result_path AS training_tasks_result_path, training_tasks.created_at AS training_tasks_created_at, training_tasks.updated_at AS training_tasks_updated_at, training_tasks.created_by AS training_tasks_created_by 
FROM training_tasks 
WHERE training_tasks.id = %(id_1)s 
 LIMIT %(param_1)s
INFO:sqlalchemy.engine.Engine:SELECT training_tasks.id AS training_tasks_id, training_tasks.task_name AS training_tasks_task_name, training_tasks.model_type AS training_tasks_model_type, training_tasks.language AS training_tasks_language, training_tasks.status AS training_tasks_status, training_tasks.parameters AS training_tasks_parameters, training_tasks.dataset_path AS training_tasks_dataset_path, training_tasks.result_path AS training_tasks_result_path, training_tasks.created_at AS training_tasks_created_at, training_tasks.updated_at AS training_tasks_updated_at, training_tasks.created_by AS training_tasks_created_by 
FROM training_tasks 
WHERE training_tasks.id = %(id_1)s 
 LIMIT %(param_1)s
2026-02-05 23:43:50,572 INFO sqlalchemy.engine.Engine [cached since 366.4s ago] {'id_1': 69, 'param_1': 1}
INFO:sqlalchemy.engine.Engine:[cached since 366.4s ago] {'id_1': 69, 'param_1': 1}
INFO:     127.0.0.1:47546 - "GET /api/training/tasks/69 HTTP/1.1" 200 OK
2026-02-05 23:43:50,574 INFO sqlalchemy.engine.Engine ROLLBACK
INFO:sqlalchemy.engine.Engine:ROLLBACK
INFO:     127.0.0.1:43754 - "OPTIONS /api/training/tasks/69 HTTP/1.1" 200 OK
2026-02-05 23:43:56,213 INFO sqlalchemy.engine.Engine BEGIN (implicit)
INFO:sqlalchemy.engine.Engine:BEGIN (implicit)
2026-02-05 23:43:56,213 INFO sqlalchemy.engine.Engine SELECT training_tasks.id AS training_tasks_id, training_tasks.task_name AS training_tasks_task_name, training_tasks.model_type AS training_tasks_model_type, training_tasks.language AS training_tasks_language, training_tasks.status AS training_tasks_status, training_tasks.parameters AS training_tasks_parameters, training_tasks.dataset_path AS training_tasks_dataset_path, training_tasks.result_path AS training_tasks_result_path, training_tasks.created_at AS training_tasks_created_at, training_tasks.updated_at AS training_tasks_updated_at, training_tasks.created_by AS training_tasks_created_by 
FROM training_tasks 
WHERE training_tasks.id = %(id_1)s 
 LIMIT %(param_1)s
INFO:sqlalchemy.engine.Engine:SELECT training_tasks.id AS training_tasks_id, training_tasks.task_name AS training_tasks_task_name, training_tasks.model_type AS training_tasks_model_type, training_tasks.language AS training_tasks_language, training_tasks.status AS training_tasks_status, training_tasks.parameters AS training_tasks_parameters, training_tasks.dataset_path AS training_tasks_dataset_path, training_tasks.result_path AS training_tasks_result_path, training_tasks.created_at AS training_tasks_created_at, training_tasks.updated_at AS training_tasks_updated_at, training_tasks.created_by AS training_tasks_created_by 
FROM training_tasks 
WHERE training_tasks.id = %(id_1)s 
 LIMIT %(param_1)s
2026-02-05 23:43:56,214 INFO sqlalchemy.engine.Engine [cached since 372s ago] {'id_1': 69, 'param_1': 1}
INFO:sqlalchemy.engine.Engine:[cached since 372s ago] {'id_1': 69, 'param_1': 1}
INFO:     127.0.0.1:43754 - "GET /api/training/tasks/69 HTTP/1.1" 200 OK
2026-02-05 23:43:56,216 INFO sqlalchemy.engine.Engine ROLLBACK
INFO:sqlalchemy.engine.Engine:ROLLBACK
INFO:     127.0.0.1:40076 - "OPTIONS /api/training/models/available HTTP/1.1" 200 OK
INFO:     127.0.0.1:40076 - "GET /api/training/models/available HTTP/1.1" 200 OK
INFO:     127.0.0.1:35882 - "OPTIONS /training/files/upload HTTP/1.1" 200 OK
2026-02-05 23:45:01,763 INFO sqlalchemy.engine.Engine BEGIN (implicit)
INFO:sqlalchemy.engine.Engine:BEGIN (implicit)
2026-02-05 23:45:01,764 INFO sqlalchemy.engine.Engine INSERT INTO training_files (id, original_filename, stored_filename, file_path, file_size, mime_type, upload_time, created_by) VALUES (%(id)s, %(original_filename)s, %(stored_filename)s, %(file_path)s, %(file_size)s, %(mime_type)s, now(), %(created_by)s)
INFO:sqlalchemy.engine.Engine:INSERT INTO training_files (id, original_filename, stored_filename, file_path, file_size, mime_type, upload_time, created_by) VALUES (%(id)s, %(original_filename)s, %(stored_filename)s, %(file_path)s, %(file_size)s, %(mime_type)s, now(), %(created_by)s)
2026-02-05 23:45:01,764 INFO sqlalchemy.engine.Engine [cached since 437.6s ago] {'id': 'a3830eb3-0b2e-47db-b460-868112ba8a47', 'original_filename': '20240808232043_OtJF37SH_train.txt', 'stored_filename': '20240808232043_OtJF37SH_train_15813456.txt', 'file_path': '/xp/www/AutoMATA/uploaded_files/20240808232043_OtJF37SH_train_15813456.txt', 'file_size': 2757, 'mime_type': 'text/plain', 'created_by': None}
INFO:sqlalchemy.engine.Engine:[cached since 437.6s ago] {'id': 'a3830eb3-0b2e-47db-b460-868112ba8a47', 'original_filename': '20240808232043_OtJF37SH_train.txt', 'stored_filename': '20240808232043_OtJF37SH_train_15813456.txt', 'file_path': '/xp/www/AutoMATA/uploaded_files/20240808232043_OtJF37SH_train_15813456.txt', 'file_size': 2757, 'mime_type': 'text/plain', 'created_by': None}
2026-02-05 23:45:01,765 INFO sqlalchemy.engine.Engine COMMIT
INFO:sqlalchemy.engine.Engine:COMMIT
2026-02-05 23:45:01,768 INFO sqlalchemy.engine.Engine BEGIN (implicit)
INFO:sqlalchemy.engine.Engine:BEGIN (implicit)
2026-02-05 23:45:01,769 INFO sqlalchemy.engine.Engine SELECT training_files.id, training_files.original_filename, training_files.stored_filename, training_files.file_path, training_files.file_size, training_files.mime_type, training_files.upload_time, training_files.created_by 
FROM training_files 
WHERE training_files.id = %(pk_1)s
INFO:sqlalchemy.engine.Engine:SELECT training_files.id, training_files.original_filename, training_files.stored_filename, training_files.file_path, training_files.file_size, training_files.mime_type, training_files.upload_time, training_files.created_by 
FROM training_files 
WHERE training_files.id = %(pk_1)s
2026-02-05 23:45:01,769 INFO sqlalchemy.engine.Engine [cached since 437.6s ago] {'pk_1': 'a3830eb3-0b2e-47db-b460-868112ba8a47'}
INFO:sqlalchemy.engine.Engine:[cached since 437.6s ago] {'pk_1': 'a3830eb3-0b2e-47db-b460-868112ba8a47'}
INFO:     127.0.0.1:35882 - "POST /training/files/upload HTTP/1.1" 200 OK
2026-02-05 23:45:01,771 INFO sqlalchemy.engine.Engine ROLLBACK
INFO:sqlalchemy.engine.Engine:ROLLBACK
INFO:     127.0.0.1:35882 - "OPTIONS /training/files/upload HTTP/1.1" 200 OK
2026-02-05 23:45:05,331 INFO sqlalchemy.engine.Engine BEGIN (implicit)
INFO:sqlalchemy.engine.Engine:BEGIN (implicit)
2026-02-05 23:45:05,332 INFO sqlalchemy.engine.Engine INSERT INTO training_files (id, original_filename, stored_filename, file_path, file_size, mime_type, upload_time, created_by) VALUES (%(id)s, %(original_filename)s, %(stored_filename)s, %(file_path)s, %(file_size)s, %(mime_type)s, now(), %(created_by)s)
INFO:sqlalchemy.engine.Engine:INSERT INTO training_files (id, original_filename, stored_filename, file_path, file_size, mime_type, upload_time, created_by) VALUES (%(id)s, %(original_filename)s, %(stored_filename)s, %(file_path)s, %(file_size)s, %(mime_type)s, now(), %(created_by)s)
2026-02-05 23:45:05,332 INFO sqlalchemy.engine.Engine [cached since 441.2s ago] {'id': 'd1de4a97-97f8-489b-b84e-6e87e1aa3334', 'original_filename': '20240808232043_OtJF37SH_val.txt', 'stored_filename': '20240808232043_OtJF37SH_val_36665d41.txt', 'file_path': '/xp/www/AutoMATA/uploaded_files/20240808232043_OtJF37SH_val_36665d41.txt', 'file_size': 372, 'mime_type': 'text/plain', 'created_by': None}
INFO:sqlalchemy.engine.Engine:[cached since 441.2s ago] {'id': 'd1de4a97-97f8-489b-b84e-6e87e1aa3334', 'original_filename': '20240808232043_OtJF37SH_val.txt', 'stored_filename': '20240808232043_OtJF37SH_val_36665d41.txt', 'file_path': '/xp/www/AutoMATA/uploaded_files/20240808232043_OtJF37SH_val_36665d41.txt', 'file_size': 372, 'mime_type': 'text/plain', 'created_by': None}
2026-02-05 23:45:05,333 INFO sqlalchemy.engine.Engine COMMIT
INFO:sqlalchemy.engine.Engine:COMMIT
2026-02-05 23:45:05,337 INFO sqlalchemy.engine.Engine BEGIN (implicit)
INFO:sqlalchemy.engine.Engine:BEGIN (implicit)
2026-02-05 23:45:05,337 INFO sqlalchemy.engine.Engine SELECT training_files.id, training_files.original_filename, training_files.stored_filename, training_files.file_path, training_files.file_size, training_files.mime_type, training_files.upload_time, training_files.created_by 
FROM training_files 
WHERE training_files.id = %(pk_1)s
INFO:sqlalchemy.engine.Engine:SELECT training_files.id, training_files.original_filename, training_files.stored_filename, training_files.file_path, training_files.file_size, training_files.mime_type, training_files.upload_time, training_files.created_by 
FROM training_files 
WHERE training_files.id = %(pk_1)s
2026-02-05 23:45:05,337 INFO sqlalchemy.engine.Engine [cached since 441.2s ago] {'pk_1': 'd1de4a97-97f8-489b-b84e-6e87e1aa3334'}
INFO:sqlalchemy.engine.Engine:[cached since 441.2s ago] {'pk_1': 'd1de4a97-97f8-489b-b84e-6e87e1aa3334'}
INFO:     127.0.0.1:35882 - "POST /training/files/upload HTTP/1.1" 200 OK
2026-02-05 23:45:05,339 INFO sqlalchemy.engine.Engine ROLLBACK
INFO:sqlalchemy.engine.Engine:ROLLBACK
INFO:     127.0.0.1:35882 - "OPTIONS /training/files/upload HTTP/1.1" 200 OK
2026-02-05 23:45:10,134 INFO sqlalchemy.engine.Engine BEGIN (implicit)
INFO:sqlalchemy.engine.Engine:BEGIN (implicit)
2026-02-05 23:45:10,134 INFO sqlalchemy.engine.Engine INSERT INTO training_files (id, original_filename, stored_filename, file_path, file_size, mime_type, upload_time, created_by) VALUES (%(id)s, %(original_filename)s, %(stored_filename)s, %(file_path)s, %(file_size)s, %(mime_type)s, now(), %(created_by)s)
INFO:sqlalchemy.engine.Engine:INSERT INTO training_files (id, original_filename, stored_filename, file_path, file_size, mime_type, upload_time, created_by) VALUES (%(id)s, %(original_filename)s, %(stored_filename)s, %(file_path)s, %(file_size)s, %(mime_type)s, now(), %(created_by)s)
2026-02-05 23:45:10,134 INFO sqlalchemy.engine.Engine [cached since 446s ago] {'id': '14409e31-b4ba-4d69-900f-3fb67990ca3f', 'original_filename': '20240808232043_OtJF37SH_test.txt', 'stored_filename': '20240808232043_OtJF37SH_test_0f44923b.txt', 'file_path': '/xp/www/AutoMATA/uploaded_files/20240808232043_OtJF37SH_test_0f44923b.txt', 'file_size': 372, 'mime_type': 'text/plain', 'created_by': None}
INFO:sqlalchemy.engine.Engine:[cached since 446s ago] {'id': '14409e31-b4ba-4d69-900f-3fb67990ca3f', 'original_filename': '20240808232043_OtJF37SH_test.txt', 'stored_filename': '20240808232043_OtJF37SH_test_0f44923b.txt', 'file_path': '/xp/www/AutoMATA/uploaded_files/20240808232043_OtJF37SH_test_0f44923b.txt', 'file_size': 372, 'mime_type': 'text/plain', 'created_by': None}
2026-02-05 23:45:10,135 INFO sqlalchemy.engine.Engine COMMIT
INFO:sqlalchemy.engine.Engine:COMMIT
2026-02-05 23:45:10,140 INFO sqlalchemy.engine.Engine BEGIN (implicit)
INFO:sqlalchemy.engine.Engine:BEGIN (implicit)
2026-02-05 23:45:10,141 INFO sqlalchemy.engine.Engine SELECT training_files.id, training_files.original_filename, training_files.stored_filename, training_files.file_path, training_files.file_size, training_files.mime_type, training_files.upload_time, training_files.created_by 
FROM training_files 
WHERE training_files.id = %(pk_1)s
INFO:sqlalchemy.engine.Engine:SELECT training_files.id, training_files.original_filename, training_files.stored_filename, training_files.file_path, training_files.file_size, training_files.mime_type, training_files.upload_time, training_files.created_by 
FROM training_files 
WHERE training_files.id = %(pk_1)s
2026-02-05 23:45:10,141 INFO sqlalchemy.engine.Engine [cached since 446s ago] {'pk_1': '14409e31-b4ba-4d69-900f-3fb67990ca3f'}
INFO:sqlalchemy.engine.Engine:[cached since 446s ago] {'pk_1': '14409e31-b4ba-4d69-900f-3fb67990ca3f'}
INFO:     127.0.0.1:35882 - "POST /training/files/upload HTTP/1.1" 200 OK
2026-02-05 23:45:10,143 INFO sqlalchemy.engine.Engine ROLLBACK
INFO:sqlalchemy.engine.Engine:ROLLBACK
INFO:     127.0.0.1:33352 - "OPTIONS /api/training/tasks HTTP/1.1" 200 OK
2026-02-05 23:45:22,383 INFO sqlalchemy.engine.Engine BEGIN (implicit)
INFO:sqlalchemy.engine.Engine:BEGIN (implicit)
2026-02-05 23:45:22,383 INFO sqlalchemy.engine.Engine INSERT INTO training_tasks (task_name, model_type, language, status, parameters, dataset_path, result_path, created_at, updated_at, created_by) VALUES (%(task_name)s, %(model_type)s, %(language)s, %(status)s, %(parameters)s, %(dataset_path)s, %(result_path)s, now(), now(), %(created_by)s)
INFO:sqlalchemy.engine.Engine:INSERT INTO training_tasks (task_name, model_type, language, status, parameters, dataset_path, result_path, created_at, updated_at, created_by) VALUES (%(task_name)s, %(model_type)s, %(language)s, %(status)s, %(parameters)s, %(dataset_path)s, %(result_path)s, now(), now(), %(created_by)s)
2026-02-05 23:45:22,383 INFO sqlalchemy.engine.Engine [cached since 458.2s ago] {'task_name': 'Supervised Training - CNN', 'model_type': 'cnn', 'language': 'python', 'status': 'pending', 'parameters': '"{\\"epochs\\":20,\\"learning_rate\\":0.001,\\"early_stopping\\":10,\\"batch_size\\":32,\\"random_seed\\":42,\\"label_count\\":2,\\"strategy\\":\\"upload\\",\\"split_ratio\\":{\\"train\\":8,\\"validation\\":1,\\"test\\":1},\\"kfold_value\\":5}"', 'dataset_path': 'file://a3830eb3-0b2e-47db-b460-868112ba8a47', 'result_path': None, 'created_by': 1}
INFO:sqlalchemy.engine.Engine:[cached since 458.2s ago] {'task_name': 'Supervised Training - CNN', 'model_type': 'cnn', 'language': 'python', 'status': 'pending', 'parameters': '"{\\"epochs\\":20,\\"learning_rate\\":0.001,\\"early_stopping\\":10,\\"batch_size\\":32,\\"random_seed\\":42,\\"label_count\\":2,\\"strategy\\":\\"upload\\",\\"split_ratio\\":{\\"train\\":8,\\"validation\\":1,\\"test\\":1},\\"kfold_value\\":5}"', 'dataset_path': 'file://a3830eb3-0b2e-47db-b460-868112ba8a47', 'result_path': None, 'created_by': 1}
2026-02-05 23:45:22,384 INFO sqlalchemy.engine.Engine COMMIT
INFO:sqlalchemy.engine.Engine:COMMIT
2026-02-05 23:45:22,387 INFO sqlalchemy.engine.Engine BEGIN (implicit)
INFO:sqlalchemy.engine.Engine:BEGIN (implicit)
2026-02-05 23:45:22,388 INFO sqlalchemy.engine.Engine SELECT training_tasks.id, training_tasks.task_name, training_tasks.model_type, training_tasks.language, training_tasks.status, training_tasks.parameters, training_tasks.dataset_path, training_tasks.result_path, training_tasks.created_at, training_tasks.updated_at, training_tasks.created_by 
FROM training_tasks 
WHERE training_tasks.id = %(pk_1)s
INFO:sqlalchemy.engine.Engine:SELECT training_tasks.id, training_tasks.task_name, training_tasks.model_type, training_tasks.language, training_tasks.status, training_tasks.parameters, training_tasks.dataset_path, training_tasks.result_path, training_tasks.created_at, training_tasks.updated_at, training_tasks.created_by 
FROM training_tasks 
WHERE training_tasks.id = %(pk_1)s
2026-02-05 23:45:22,388 INFO sqlalchemy.engine.Engine [cached since 458.2s ago] {'pk_1': 70}
INFO:sqlalchemy.engine.Engine:[cached since 458.2s ago] {'pk_1': 70}
INFO:services.training_job_service:开始自动关联文件: a3830eb3-0b2e-47db-b460-868112ba8a47 到任务 70
2026-02-05 23:45:22,389 INFO sqlalchemy.engine.Engine SELECT training_files.id AS training_files_id, training_files.original_filename AS training_files_original_filename, training_files.stored_filename AS training_files_stored_filename, training_files.file_path AS training_files_file_path, training_files.file_size AS training_files_file_size, training_files.mime_type AS training_files_mime_type, training_files.upload_time AS training_files_upload_time, training_files.created_by AS training_files_created_by 
FROM training_files 
WHERE training_files.id = %(id_1)s 
 LIMIT %(param_1)s
INFO:sqlalchemy.engine.Engine:SELECT training_files.id AS training_files_id, training_files.original_filename AS training_files_original_filename, training_files.stored_filename AS training_files_stored_filename, training_files.file_path AS training_files_file_path, training_files.file_size AS training_files_file_size, training_files.mime_type AS training_files_mime_type, training_files.upload_time AS training_files_upload_time, training_files.created_by AS training_files_created_by 
FROM training_files 
WHERE training_files.id = %(id_1)s 
 LIMIT %(param_1)s
2026-02-05 23:45:22,389 INFO sqlalchemy.engine.Engine [cached since 458.2s ago] {'id_1': 'a3830eb3-0b2e-47db-b460-868112ba8a47', 'param_1': 1}
INFO:sqlalchemy.engine.Engine:[cached since 458.2s ago] {'id_1': 'a3830eb3-0b2e-47db-b460-868112ba8a47', 'param_1': 1}
INFO:services.training_job_service:找到文件记录: 20240808232043_OtJF37SH_train.txt
2026-02-05 23:45:22,391 INFO sqlalchemy.engine.Engine SELECT task_files.task_id AS task_files_task_id, task_files.file_id AS task_files_file_id, task_files.file_type AS task_files_file_type, task_files.created_at AS task_files_created_at 
FROM task_files 
WHERE task_files.task_id = %(task_id_1)s AND task_files.file_id = %(file_id_1)s 
 LIMIT %(param_1)s
INFO:sqlalchemy.engine.Engine:SELECT task_files.task_id AS task_files_task_id, task_files.file_id AS task_files_file_id, task_files.file_type AS task_files_file_type, task_files.created_at AS task_files_created_at 
FROM task_files 
WHERE task_files.task_id = %(task_id_1)s AND task_files.file_id = %(file_id_1)s 
 LIMIT %(param_1)s
2026-02-05 23:45:22,391 INFO sqlalchemy.engine.Engine [cached since 458.2s ago] {'task_id_1': 70, 'file_id_1': 'a3830eb3-0b2e-47db-b460-868112ba8a47', 'param_1': 1}
INFO:sqlalchemy.engine.Engine:[cached since 458.2s ago] {'task_id_1': 70, 'file_id_1': 'a3830eb3-0b2e-47db-b460-868112ba8a47', 'param_1': 1}
2026-02-05 23:45:22,391 INFO sqlalchemy.engine.Engine INSERT INTO task_files (task_id, file_id, file_type, created_at) VALUES (%(task_id)s, %(file_id)s, %(file_type)s, now())
INFO:sqlalchemy.engine.Engine:INSERT INTO task_files (task_id, file_id, file_type, created_at) VALUES (%(task_id)s, %(file_id)s, %(file_type)s, now())
2026-02-05 23:45:22,392 INFO sqlalchemy.engine.Engine [cached since 458.2s ago] {'task_id': 70, 'file_id': 'a3830eb3-0b2e-47db-b460-868112ba8a47', 'file_type': 'train'}
INFO:sqlalchemy.engine.Engine:[cached since 458.2s ago] {'task_id': 70, 'file_id': 'a3830eb3-0b2e-47db-b460-868112ba8a47', 'file_type': 'train'}
2026-02-05 23:45:22,392 INFO sqlalchemy.engine.Engine COMMIT
INFO:sqlalchemy.engine.Engine:COMMIT
2026-02-05 23:45:22,395 INFO sqlalchemy.engine.Engine BEGIN (implicit)
INFO:sqlalchemy.engine.Engine:BEGIN (implicit)
2026-02-05 23:45:22,396 INFO sqlalchemy.engine.Engine SELECT training_tasks.id AS training_tasks_id, training_tasks.task_name AS training_tasks_task_name, training_tasks.model_type AS training_tasks_model_type, training_tasks.language AS training_tasks_language, training_tasks.status AS training_tasks_status, training_tasks.parameters AS training_tasks_parameters, training_tasks.dataset_path AS training_tasks_dataset_path, training_tasks.result_path AS training_tasks_result_path, training_tasks.created_at AS training_tasks_created_at, training_tasks.updated_at AS training_tasks_updated_at, training_tasks.created_by AS training_tasks_created_by 
FROM training_tasks 
WHERE training_tasks.id = %(pk_1)s
INFO:sqlalchemy.engine.Engine:SELECT training_tasks.id AS training_tasks_id, training_tasks.task_name AS training_tasks_task_name, training_tasks.model_type AS training_tasks_model_type, training_tasks.language AS training_tasks_language, training_tasks.status AS training_tasks_status, training_tasks.parameters AS training_tasks_parameters, training_tasks.dataset_path AS training_tasks_dataset_path, training_tasks.result_path AS training_tasks_result_path, training_tasks.created_at AS training_tasks_created_at, training_tasks.updated_at AS training_tasks_updated_at, training_tasks.created_by AS training_tasks_created_by 
FROM training_tasks 
WHERE training_tasks.id = %(pk_1)s
2026-02-05 23:45:22,396 INFO sqlalchemy.engine.Engine [cached since 458.2s ago] {'pk_1': 70}
INFO:sqlalchemy.engine.Engine:[cached since 458.2s ago] {'pk_1': 70}
INFO:services.training_job_service:✅ 自动关联成功: 文件 a3830eb3-0b2e-47db-b460-868112ba8a47 已关联到任务 70
2026-02-05 23:45:22,397 INFO sqlalchemy.engine.Engine BEGIN (implicit)
INFO:sqlalchemy.engine.Engine:BEGIN (implicit)
2026-02-05 23:45:22,397 INFO sqlalchemy.engine.Engine SELECT training_tasks.id AS training_tasks_id, training_tasks.task_name AS training_tasks_task_name, training_tasks.model_type AS training_tasks_model_type, training_tasks.language AS training_tasks_language, training_tasks.status AS training_tasks_status, training_tasks.parameters AS training_tasks_parameters, training_tasks.dataset_path AS training_tasks_dataset_path, training_tasks.result_path AS training_tasks_result_path, training_tasks.created_at AS training_tasks_created_at, training_tasks.updated_at AS training_tasks_updated_at, training_tasks.created_by AS training_tasks_created_by 
FROM training_tasks 
WHERE training_tasks.id = %(id_1)s 
 LIMIT %(param_1)s
INFO:sqlalchemy.engine.Engine:SELECT training_tasks.id AS training_tasks_id, training_tasks.task_name AS training_tasks_task_name, training_tasks.model_type AS training_tasks_model_type, training_tasks.language AS training_tasks_language, training_tasks.status AS training_tasks_status, training_tasks.parameters AS training_tasks_parameters, training_tasks.dataset_path AS training_tasks_dataset_path, training_tasks.result_path AS training_tasks_result_path, training_tasks.created_at AS training_tasks_created_at, training_tasks.updated_at AS training_tasks_updated_at, training_tasks.created_by AS training_tasks_created_by 
FROM training_tasks 
WHERE training_tasks.id = %(id_1)s 
 LIMIT %(param_1)s
2026-02-05 23:45:22,398 INFO sqlalchemy.engine.Engine [cached since 458.2s ago] {'id_1': 70, 'param_1': 1}
INFO:sqlalchemy.engine.Engine:[cached since 458.2s ago] {'id_1': 70, 'param_1': 1}
INFO:     127.0.0.1:33352 - "POST /api/training/tasks HTTP/1.1" 200 OK
2026-02-05 23:45:22,399 INFO sqlalchemy.engine.Engine ROLLBACK
INFO:sqlalchemy.engine.Engine:ROLLBACK
2026-02-05 23:45:22,399 INFO sqlalchemy.engine.Engine UPDATE training_tasks SET status=%(status)s, updated_at=now() WHERE training_tasks.id = %(training_tasks_id)s
INFO:sqlalchemy.engine.Engine:UPDATE training_tasks SET status=%(status)s, updated_at=now() WHERE training_tasks.id = %(training_tasks_id)s
2026-02-05 23:45:22,399 INFO sqlalchemy.engine.Engine [cached since 458.2s ago] {'status': 'running', 'training_tasks_id': 70}
INFO:sqlalchemy.engine.Engine:[cached since 458.2s ago] {'status': 'running', 'training_tasks_id': 70}
2026-02-05 23:45:22,400 INFO sqlalchemy.engine.Engine COMMIT
INFO:sqlalchemy.engine.Engine:COMMIT
2026-02-05 23:45:22,403 INFO sqlalchemy.engine.Engine BEGIN (implicit)
INFO:sqlalchemy.engine.Engine:BEGIN (implicit)
2026-02-05 23:45:22,404 INFO sqlalchemy.engine.Engine SELECT training_tasks.id AS training_tasks_id, training_tasks.task_name AS training_tasks_task_name, training_tasks.model_type AS training_tasks_model_type, training_tasks.language AS training_tasks_language, training_tasks.status AS training_tasks_status, training_tasks.parameters AS training_tasks_parameters, training_tasks.dataset_path AS training_tasks_dataset_path, training_tasks.result_path AS training_tasks_result_path, training_tasks.created_at AS training_tasks_created_at, training_tasks.updated_at AS training_tasks_updated_at, training_tasks.created_by AS training_tasks_created_by 
FROM training_tasks 
WHERE training_tasks.id = %(pk_1)s
INFO:sqlalchemy.engine.Engine:SELECT training_tasks.id AS training_tasks_id, training_tasks.task_name AS training_tasks_task_name, training_tasks.model_type AS training_tasks_model_type, training_tasks.language AS training_tasks_language, training_tasks.status AS training_tasks_status, training_tasks.parameters AS training_tasks_parameters, training_tasks.dataset_path AS training_tasks_dataset_path, training_tasks.result_path AS training_tasks_result_path, training_tasks.created_at AS training_tasks_created_at, training_tasks.updated_at AS training_tasks_updated_at, training_tasks.created_by AS training_tasks_created_by 
FROM training_tasks 
WHERE training_tasks.id = %(pk_1)s
2026-02-05 23:45:22,404 INFO sqlalchemy.engine.Engine [cached since 458.2s ago] {'pk_1': 70}
INFO:sqlalchemy.engine.Engine:[cached since 458.2s ago] {'pk_1': 70}
2026-02-05 23:45:22,405 INFO sqlalchemy.engine.Engine INSERT INTO training_logs (task_id, log_level, message, timestamp) VALUES (%(task_id)s, %(log_level)s, %(message)s, now())
INFO:sqlalchemy.engine.Engine:INSERT INTO training_logs (task_id, log_level, message, timestamp) VALUES (%(task_id)s, %(log_level)s, %(message)s, now())
2026-02-05 23:45:22,405 INFO sqlalchemy.engine.Engine [cached since 458.2s ago] {'task_id': None, 'log_level': 'INFO', 'message': '开始准备训练数据'}
INFO:sqlalchemy.engine.Engine:[cached since 458.2s ago] {'task_id': None, 'log_level': 'INFO', 'message': '开始准备训练数据'}
2026-02-05 23:45:22,405 INFO sqlalchemy.engine.Engine ROLLBACK
INFO:sqlalchemy.engine.Engine:ROLLBACK
Exception in thread Thread-4:
Traceback (most recent call last):
  File "/opt/anaconda/envs/automata/lib/python3.6/site-packages/sqlalchemy/engine/base.py", line 1911, in _execute_context
    cursor, statement, parameters, context
  File "/opt/anaconda/envs/automata/lib/python3.6/site-packages/sqlalchemy/engine/default.py", line 736, in do_execute
    cursor.execute(statement, parameters)
  File "/opt/anaconda/envs/automata/lib/python3.6/site-packages/pymysql/cursors.py", line 148, in execute
    result = self._query(query)
  File "/opt/anaconda/envs/automata/lib/python3.6/site-packages/pymysql/cursors.py", line 310, in _query
    conn.query(q)
  File "/opt/anaconda/envs/automata/lib/python3.6/site-packages/pymysql/connections.py", line 548, in query
    self._affected_rows = self._read_query_result(unbuffered=unbuffered)
  File "/opt/anaconda/envs/automata/lib/python3.6/site-packages/pymysql/connections.py", line 775, in _read_query_result
    result.read()
  File "/opt/anaconda/envs/automata/lib/python3.6/site-packages/pymysql/connections.py", line 1156, in read
    first_packet = self.connection._read_packet()
  File "/opt/anaconda/envs/automata/lib/python3.6/site-packages/pymysql/connections.py", line 725, in _read_packet
    packet.raise_for_error()
  File "/opt/anaconda/envs/automata/lib/python3.6/site-packages/pymysql/protocol.py", line 221, in raise_for_error
    err.raise_mysql_exception(self._data)
  File "/opt/anaconda/envs/automata/lib/python3.6/site-packages/pymysql/err.py", line 143, in raise_mysql_exception
    raise errorclass(errno, errval)
pymysql.err.IntegrityError: (1048, "Column 'task_id' cannot be null")

The above exception was the direct cause of the following exception:

Traceback (most recent call last):
  File "./services/training_job_service.py", line 204, in start_model_training_sync
    message="开始准备训练数据"
  File "./services/training_job_service.py", line 175, in create_training_log
    db.commit()
  File "/opt/anaconda/envs/automata/lib/python3.6/site-packages/sqlalchemy/orm/session.py", line 1454, in commit
    self._transaction.commit(_to_root=self.future)
  File "/opt/anaconda/envs/automata/lib/python3.6/site-packages/sqlalchemy/orm/session.py", line 832, in commit
    self._prepare_impl()
  File "/opt/anaconda/envs/automata/lib/python3.6/site-packages/sqlalchemy/orm/session.py", line 811, in _prepare_impl
    self.session.flush()
  File "/opt/anaconda/envs/automata/lib/python3.6/site-packages/sqlalchemy/orm/session.py", line 3449, in flush
    self._flush(objects)
  File "/opt/anaconda/envs/automata/lib/python3.6/site-packages/sqlalchemy/orm/session.py", line 3589, in _flush
    transaction.rollback(_capture_exception=True)
  File "/opt/anaconda/envs/automata/lib/python3.6/site-packages/sqlalchemy/util/langhelpers.py", line 72, in __exit__
    with_traceback=exc_tb,
  File "/opt/anaconda/envs/automata/lib/python3.6/site-packages/sqlalchemy/util/compat.py", line 211, in raise_
    raise exception
  File "/opt/anaconda/envs/automata/lib/python3.6/site-packages/sqlalchemy/orm/session.py", line 3549, in _flush
    flush_context.execute()
  File "/opt/anaconda/envs/automata/lib/python3.6/site-packages/sqlalchemy/orm/unitofwork.py", line 456, in execute
    rec.execute(self)
  File "/opt/anaconda/envs/automata/lib/python3.6/site-packages/sqlalchemy/orm/unitofwork.py", line 633, in execute
    uow,
  File "/opt/anaconda/envs/automata/lib/python3.6/site-packages/sqlalchemy/orm/persistence.py", line 250, in save_obj
    insert,
  File "/opt/anaconda/envs/automata/lib/python3.6/site-packages/sqlalchemy/orm/persistence.py", line 1241, in _emit_insert_statements
    execution_options=execution_options,
  File "/opt/anaconda/envs/automata/lib/python3.6/site-packages/sqlalchemy/engine/base.py", line 1710, in _execute_20
    return meth(self, args_10style, kwargs_10style, execution_options)
  File "/opt/anaconda/envs/automata/lib/python3.6/site-packages/sqlalchemy/sql/elements.py", line 335, in _execute_on_connection
    self, multiparams, params, execution_options
  File "/opt/anaconda/envs/automata/lib/python3.6/site-packages/sqlalchemy/engine/base.py", line 1587, in _execute_clauseelement
    cache_hit=cache_hit,
  File "/opt/anaconda/envs/automata/lib/python3.6/site-packages/sqlalchemy/engine/base.py", line 1954, in _execute_context
    e, statement, parameters, cursor, context
  File "/opt/anaconda/envs/automata/lib/python3.6/site-packages/sqlalchemy/engine/base.py", line 2135, in _handle_dbapi_exception
    sqlalchemy_exception, with_traceback=exc_info[2], from_=e
  File "/opt/anaconda/envs/automata/lib/python3.6/site-packages/sqlalchemy/util/compat.py", line 211, in raise_
    raise exception
  File "/opt/anaconda/envs/automata/lib/python3.6/site-packages/sqlalchemy/engine/base.py", line 1911, in _execute_context
    cursor, statement, parameters, context
  File "/opt/anaconda/envs/automata/lib/python3.6/site-packages/sqlalchemy/engine/default.py", line 736, in do_execute
    cursor.execute(statement, parameters)
  File "/opt/anaconda/envs/automata/lib/python3.6/site-packages/pymysql/cursors.py", line 148, in execute
    result = self._query(query)
  File "/opt/anaconda/envs/automata/lib/python3.6/site-packages/pymysql/cursors.py", line 310, in _query
    conn.query(q)
  File "/opt/anaconda/envs/automata/lib/python3.6/site-packages/pymysql/connections.py", line 548, in query
    self._affected_rows = self._read_query_result(unbuffered=unbuffered)
  File "/opt/anaconda/envs/automata/lib/python3.6/site-packages/pymysql/connections.py", line 775, in _read_query_result
    result.read()
  File "/opt/anaconda/envs/automata/lib/python3.6/site-packages/pymysql/connections.py", line 1156, in read
    first_packet = self.connection._read_packet()
  File "/opt/anaconda/envs/automata/lib/python3.6/site-packages/pymysql/connections.py", line 725, in _read_packet
    packet.raise_for_error()
  File "/opt/anaconda/envs/automata/lib/python3.6/site-packages/pymysql/protocol.py", line 221, in raise_for_error
    err.raise_mysql_exception(self._data)
  File "/opt/anaconda/envs/automata/lib/python3.6/site-packages/pymysql/err.py", line 143, in raise_mysql_exception
    raise errorclass(errno, errval)
sqlalchemy.exc.IntegrityError: (pymysql.err.IntegrityError) (1048, "Column 'task_id' cannot be null")
[SQL: INSERT INTO training_logs (task_id, log_level, message, timestamp) VALUES (%(task_id)s, %(log_level)s, %(message)s, now())]
[parameters: {'task_id': None, 'log_level': 'INFO', 'message': '开始准备训练数据'}]
(Background on this error at: https://sqlalche.me/e/14/gkpj)

During handling of the above exception, another exception occurred:

Traceback (most recent call last):
  File "/opt/anaconda/envs/automata/lib/python3.6/threading.py", line 916, in _bootstrap_inner
    self.run()
  File "/opt/anaconda/envs/automata/lib/python3.6/threading.py", line 864, in run
    self._target(*self._args, **self._kwargs)
  File "./services/training_job_service.py", line 275, in start_model_training_sync
    task = db.query(TrainingJob).filter(TrainingJob.id == task_id).first()
  File "/opt/anaconda/envs/automata/lib/python3.6/site-packages/sqlalchemy/orm/query.py", line 2824, in first
    return self.limit(1)._iter().first()
  File "/opt/anaconda/envs/automata/lib/python3.6/site-packages/sqlalchemy/orm/query.py", line 2919, in _iter
    execution_options={"_sa_orm_load_options": self.load_options},
  File "/opt/anaconda/envs/automata/lib/python3.6/site-packages/sqlalchemy/orm/session.py", line 1716, in execute
    conn = self._connection_for_bind(bind)
  File "/opt/anaconda/envs/automata/lib/python3.6/site-packages/sqlalchemy/orm/session.py", line 1556, in _connection_for_bind
    engine, execution_options
  File "/opt/anaconda/envs/automata/lib/python3.6/site-packages/sqlalchemy/orm/session.py", line 724, in _connection_for_bind
    self._assert_active()
  File "/opt/anaconda/envs/automata/lib/python3.6/site-packages/sqlalchemy/orm/session.py", line 611, in _assert_active
    code="7s2a",
sqlalchemy.exc.PendingRollbackError: This Session's transaction has been rolled back due to a previous exception during flush. To begin a new transaction with this Session, first issue Session.rollback(). Original exception was: (pymysql.err.IntegrityError) (1048, "Column 'task_id' cannot be null")
[SQL: INSERT INTO training_logs (task_id, log_level, message, timestamp) VALUES (%(task_id)s, %(log_level)s, %(message)s, now())]
[parameters: {'task_id': None, 'log_level': 'INFO', 'message': '开始准备训练数据'}]
(Background on this error at: https://sqlalche.me/e/14/gkpj) (Background on this error at: https://sqlalche.me/e/14/7s2a)
INFO:     127.0.0.1:33352 - "OPTIONS /api/training/tasks/70 HTTP/1.1" 200 OK
2026-02-05 23:45:22,493 INFO sqlalchemy.engine.Engine BEGIN (implicit)

INFO:sqlalchemy.engine.Engine:BEGIN (implicit)
2026-02-05 23:45:22,494 INFO sqlalchemy.engine.Engine SELECT training_tasks.id AS training_tasks_id, training_tasks.task_name AS training_tasks_task_name, training_tasks.model_type AS training_tasks_model_type, training_tasks.language AS training_tasks_language, training_tasks.status AS training_tasks_status, training_tasks.parameters AS training_tasks_parameters, training_tasks.dataset_path AS training_tasks_dataset_path, training_tasks.result_path AS training_tasks_result_path, training_tasks.created_at AS training_tasks_created_at, training_tasks.updated_at AS training_tasks_updated_at, training_tasks.created_by AS training_tasks_created_by 
FROM training_tasks 
WHERE training_tasks.id = %(id_1)s 
 LIMIT %(param_1)s
INFO:sqlalchemy.engine.Engine:SELECT training_tasks.id AS training_tasks_id, training_tasks.task_name AS training_tasks_task_name, training_tasks.model_type AS training_tasks_model_type, training_tasks.language AS training_tasks_language, training_tasks.status AS training_tasks_status, training_tasks.parameters AS training_tasks_parameters, training_tasks.dataset_path AS training_tasks_dataset_path, training_tasks.result_path AS training_tasks_result_path, training_tasks.created_at AS training_tasks_created_at, training_tasks.updated_at AS training_tasks_updated_at, training_tasks.created_by AS training_tasks_created_by 
FROM training_tasks 
WHERE training_tasks.id = %(id_1)s 
 LIMIT %(param_1)s
2026-02-05 23:45:22,494 INFO sqlalchemy.engine.Engine [cached since 458.3s ago] {'id_1': 70, 'param_1': 1}
INFO:sqlalchemy.engine.Engine:[cached since 458.3s ago] {'id_1': 70, 'param_1': 1}
INFO:     127.0.0.1:33352 - "GET /api/training/tasks/70 HTTP/1.1" 200 OK
2026-02-05 23:45:22,495 INFO sqlalchemy.engine.Engine ROLLBACK
INFO:sqlalchemy.engine.Engine:ROLLBACK
INFO:     127.0.0.1:40284 - "OPTIONS /api/training/tasks/70 HTTP/1.1" 200 OK
2026-02-05 23:45:28,100 INFO sqlalchemy.engine.Engine BEGIN (implicit)
INFO:sqlalchemy.engine.Engine:BEGIN (implicit)
2026-02-05 23:45:28,100 INFO sqlalchemy.engine.Engine SELECT training_tasks.id AS training_tasks_id, training_tasks.task_name AS training_tasks_task_name, training_tasks.model_type AS training_tasks_model_type, training_tasks.language AS training_tasks_language, training_tasks.status AS training_tasks_status, training_tasks.parameters AS training_tasks_parameters, training_tasks.dataset_path AS training_tasks_dataset_path, training_tasks.result_path AS training_tasks_result_path, training_tasks.created_at AS training_tasks_created_at, training_tasks.updated_at AS training_tasks_updated_at, training_tasks.created_by AS training_tasks_created_by 
FROM training_tasks 
WHERE training_tasks.id = %(id_1)s 
 LIMIT %(param_1)s
INFO:sqlalchemy.engine.Engine:SELECT training_tasks.id AS training_tasks_id, training_tasks.task_name AS training_tasks_task_name, training_tasks.model_type AS training_tasks_model_type, training_tasks.language AS training_tasks_language, training_tasks.status AS training_tasks_status, training_tasks.parameters AS training_tasks_parameters, training_tasks.dataset_path AS training_tasks_dataset_path, training_tasks.result_path AS training_tasks_result_path, training_tasks.created_at AS training_tasks_created_at, training_tasks.updated_at AS training_tasks_updated_at, training_tasks.created_by AS training_tasks_created_by 
FROM training_tasks 
WHERE training_tasks.id = %(id_1)s 
 LIMIT %(param_1)s
2026-02-05 23:45:28,100 INFO sqlalchemy.engine.Engine [cached since 463.9s ago] {'id_1': 70, 'param_1': 1}
INFO:sqlalchemy.engine.Engine:[cached since 463.9s ago] {'id_1': 70, 'param_1': 1}
INFO:     127.0.0.1:40284 - "GET /api/training/tasks/70 HTTP/1.1" 200 OK
2026-02-05 23:45:28,102 INFO sqlalchemy.engine.Engine ROLLBACK
INFO:sqlalchemy.engine.Engine:ROLLBACK
INFO:     127.0.0.1:40290 - "OPTIONS /api/training/tasks/70 HTTP/1.1" 200 OK
2026-02-05 23:45:33,714 INFO sqlalchemy.engine.Engine BEGIN (implicit)
INFO:sqlalchemy.engine.Engine:BEGIN (implicit)
2026-02-05 23:45:33,714 INFO sqlalchemy.engine.Engine SELECT training_tasks.id AS training_tasks_id, training_tasks.task_name AS training_tasks_task_name, training_tasks.model_type AS training_tasks_model_type, training_tasks.language AS training_tasks_language, training_tasks.status AS training_tasks_status, training_tasks.parameters AS training_tasks_parameters, training_tasks.dataset_path AS training_tasks_dataset_path, training_tasks.result_path AS training_tasks_result_path, training_tasks.created_at AS training_tasks_created_at, training_tasks.updated_at AS training_tasks_updated_at, training_tasks.created_by AS training_tasks_created_by 
FROM training_tasks 
WHERE training_tasks.id = %(id_1)s 
 LIMIT %(param_1)s
INFO:sqlalchemy.engine.Engine:SELECT training_tasks.id AS training_tasks_id, training_tasks.task_name AS training_tasks_task_name, training_tasks.model_type AS training_tasks_model_type, training_tasks.language AS training_tasks_language, training_tasks.status AS training_tasks_status, training_tasks.parameters AS training_tasks_parameters, training_tasks.dataset_path AS training_tasks_dataset_path, training_tasks.result_path AS training_tasks_result_path, training_tasks.created_at AS training_tasks_created_at, training_tasks.updated_at AS training_tasks_updated_at, training_tasks.created_by AS training_tasks_created_by 
FROM training_tasks 
WHERE training_tasks.id = %(id_1)s 
 LIMIT %(param_1)s
2026-02-05 23:45:33,714 INFO sqlalchemy.engine.Engine [cached since 469.5s ago] {'id_1': 70, 'param_1': 1}
INFO:sqlalchemy.engine.Engine:[cached since 469.5s ago] {'id_1': 70, 'param_1': 1}
INFO:     127.0.0.1:40290 - "GET /api/training/tasks/70 HTTP/1.1" 200 OK
2026-02-05 23:45:33,716 INFO sqlalchemy.engine.Engine ROLLBACK
INFO:sqlalchemy.engine.Engine:ROLLBACK
INFO:     127.0.0.1:43478 - "OPTIONS /api/training/tasks/70 HTTP/1.1" 200 OK
2026-02-05 23:45:39,339 INFO sqlalchemy.engine.Engine BEGIN (implicit)
INFO:sqlalchemy.engine.Engine:BEGIN (implicit)
2026-02-05 23:45:39,340 INFO sqlalchemy.engine.Engine SELECT training_tasks.id AS training_tasks_id, training_tasks.task_name AS training_tasks_task_name, training_tasks.model_type AS training_tasks_model_type, training_tasks.language AS training_tasks_language, training_tasks.status AS training_tasks_status, training_tasks.parameters AS training_tasks_parameters, training_tasks.dataset_path AS training_tasks_dataset_path, training_tasks.result_path AS training_tasks_result_path, training_tasks.created_at AS training_tasks_created_at, training_tasks.updated_at AS training_tasks_updated_at, training_tasks.created_by AS training_tasks_created_by 
FROM training_tasks 
WHERE training_tasks.id = %(id_1)s 
 LIMIT %(param_1)s
INFO:sqlalchemy.engine.Engine:SELECT training_tasks.id AS training_tasks_id, training_tasks.task_name AS training_tasks_task_name, training_tasks.model_type AS training_tasks_model_type, training_tasks.language AS training_tasks_language, training_tasks.status AS training_tasks_status, training_tasks.parameters AS training_tasks_parameters, training_tasks.dataset_path AS training_tasks_dataset_path, training_tasks.result_path AS training_tasks_result_path, training_tasks.created_at AS training_tasks_created_at, training_tasks.updated_at AS training_tasks_updated_at, training_tasks.created_by AS training_tasks_created_by 
FROM training_tasks 
WHERE training_tasks.id = %(id_1)s 
 LIMIT %(param_1)s
2026-02-05 23:45:39,340 INFO sqlalchemy.engine.Engine [cached since 475.2s ago] {'id_1': 70, 'param_1': 1}
INFO:sqlalchemy.engine.Engine:[cached since 475.2s ago] {'id_1': 70, 'param_1': 1}
INFO:     127.0.0.1:43478 - "GET /api/training/tasks/70 HTTP/1.1" 200 OK
2026-02-05 23:45:39,342 INFO sqlalchemy.engine.Engine ROLLBACK
INFO:sqlalchemy.engine.Engine:ROLLBACK
INFO:     127.0.0.1:43484 - "OPTIONS /api/training/tasks/70 HTTP/1.1" 200 OK
2026-02-05 23:45:45,011 INFO sqlalchemy.engine.Engine BEGIN (implicit)
INFO:sqlalchemy.engine.Engine:BEGIN (implicit)
2026-02-05 23:45:45,011 INFO sqlalchemy.engine.Engine SELECT training_tasks.id AS training_tasks_id, training_tasks.task_name AS training_tasks_task_name, training_tasks.model_type AS training_tasks_model_type, training_tasks.language AS training_tasks_language, training_tasks.status AS training_tasks_status, training_tasks.parameters AS training_tasks_parameters, training_tasks.dataset_path AS training_tasks_dataset_path, training_tasks.result_path AS training_tasks_result_path, training_tasks.created_at AS training_tasks_created_at, training_tasks.updated_at AS training_tasks_updated_at, training_tasks.created_by AS training_tasks_created_by 
FROM training_tasks 
WHERE training_tasks.id = %(id_1)s 
 LIMIT %(param_1)s
INFO:sqlalchemy.engine.Engine:SELECT training_tasks.id AS training_tasks_id, training_tasks.task_name AS training_tasks_task_name, training_tasks.model_type AS training_tasks_model_type, training_tasks.language AS training_tasks_language, training_tasks.status AS training_tasks_status, training_tasks.parameters AS training_tasks_parameters, training_tasks.dataset_path AS training_tasks_dataset_path, training_tasks.result_path AS training_tasks_result_path, training_tasks.created_at AS training_tasks_created_at, training_tasks.updated_at AS training_tasks_updated_at, training_tasks.created_by AS training_tasks_created_by 
FROM training_tasks 
WHERE training_tasks.id = %(id_1)s 
 LIMIT %(param_1)s
2026-02-05 23:45:45,012 INFO sqlalchemy.engine.Engine [cached since 480.8s ago] {'id_1': 70, 'param_1': 1}
INFO:sqlalchemy.engine.Engine:[cached since 480.8s ago] {'id_1': 70, 'param_1': 1}
INFO:     127.0.0.1:43484 - "GET /api/training/tasks/70 HTTP/1.1" 200 OK
2026-02-05 23:45:45,014 INFO sqlalchemy.engine.Engine ROLLBACK
INFO:sqlalchemy.engine.Engine:ROLLBACK
INFO:     127.0.0.1:33342 - "OPTIONS /api/training/tasks/70 HTTP/1.1" 200 OK
2026-02-05 23:45:50,667 INFO sqlalchemy.engine.Engine BEGIN (implicit)
INFO:sqlalchemy.engine.Engine:BEGIN (implicit)
2026-02-05 23:45:50,668 INFO sqlalchemy.engine.Engine SELECT training_tasks.id AS training_tasks_id, training_tasks.task_name AS training_tasks_task_name, training_tasks.model_type AS training_tasks_model_type, training_tasks.language AS training_tasks_language, training_tasks.status AS training_tasks_status, training_tasks.parameters AS training_tasks_parameters, training_tasks.dataset_path AS training_tasks_dataset_path, training_tasks.result_path AS training_tasks_result_path, training_tasks.created_at AS training_tasks_created_at, training_tasks.updated_at AS training_tasks_updated_at, training_tasks.created_by AS training_tasks_created_by 
FROM training_tasks 
WHERE training_tasks.id = %(id_1)s 
 LIMIT %(param_1)s
INFO:sqlalchemy.engine.Engine:SELECT training_tasks.id AS training_tasks_id, training_tasks.task_name AS training_tasks_task_name, training_tasks.model_type AS training_tasks_model_type, training_tasks.language AS training_tasks_language, training_tasks.status AS training_tasks_status, training_tasks.parameters AS training_tasks_parameters, training_tasks.dataset_path AS training_tasks_dataset_path, training_tasks.result_path AS training_tasks_result_path, training_tasks.created_at AS training_tasks_created_at, training_tasks.updated_at AS training_tasks_updated_at, training_tasks.created_by AS training_tasks_created_by 
FROM training_tasks 
WHERE training_tasks.id = %(id_1)s 
 LIMIT %(param_1)s
2026-02-05 23:45:50,668 INFO sqlalchemy.engine.Engine [cached since 486.5s ago] {'id_1': 70, 'param_1': 1}
INFO:sqlalchemy.engine.Engine:[cached since 486.5s ago] {'id_1': 70, 'param_1': 1}
INFO:     127.0.0.1:33342 - "GET /api/training/tasks/70 HTTP/1.1" 200 OK
2026-02-05 23:45:50,670 INFO sqlalchemy.engine.Engine ROLLBACK
INFO:sqlalchemy.engine.Engine:ROLLBACK
INFO:     127.0.0.1:36600 - "OPTIONS /api/training/tasks/70 HTTP/1.1" 200 OK
2026-02-05 23:45:56,343 INFO sqlalchemy.engine.Engine BEGIN (implicit)
INFO:sqlalchemy.engine.Engine:BEGIN (implicit)
2026-02-05 23:45:56,344 INFO sqlalchemy.engine.Engine SELECT training_tasks.id AS training_tasks_id, training_tasks.task_name AS training_tasks_task_name, training_tasks.model_type AS training_tasks_model_type, training_tasks.language AS training_tasks_language, training_tasks.status AS training_tasks_status, training_tasks.parameters AS training_tasks_parameters, training_tasks.dataset_path AS training_tasks_dataset_path, training_tasks.result_path AS training_tasks_result_path, training_tasks.created_at AS training_tasks_created_at, training_tasks.updated_at AS training_tasks_updated_at, training_tasks.created_by AS training_tasks_created_by 
FROM training_tasks 
WHERE training_tasks.id = %(id_1)s 
 LIMIT %(param_1)s
INFO:sqlalchemy.engine.Engine:SELECT training_tasks.id AS training_tasks_id, training_tasks.task_name AS training_tasks_task_name, training_tasks.model_type AS training_tasks_model_type, training_tasks.language AS training_tasks_language, training_tasks.status AS training_tasks_status, training_tasks.parameters AS training_tasks_parameters, training_tasks.dataset_path AS training_tasks_dataset_path, training_tasks.result_path AS training_tasks_result_path, training_tasks.created_at AS training_tasks_created_at, training_tasks.updated_at AS training_tasks_updated_at, training_tasks.created_by AS training_tasks_created_by 
FROM training_tasks 
WHERE training_tasks.id = %(id_1)s 
 LIMIT %(param_1)s
2026-02-05 23:45:56,344 INFO sqlalchemy.engine.Engine [cached since 492.2s ago] {'id_1': 70, 'param_1': 1}
INFO:sqlalchemy.engine.Engine:[cached since 492.2s ago] {'id_1': 70, 'param_1': 1}
INFO:     127.0.0.1:36600 - "GET /api/training/tasks/70 HTTP/1.1" 200 OK
2026-02-05 23:45:56,346 INFO sqlalchemy.engine.Engine ROLLBACK
INFO:sqlalchemy.engine.Engine:ROLLBACK
INFO:     127.0.0.1:36616 - "OPTIONS /api/training/tasks/70 HTTP/1.1" 200 OK
2026-02-05 23:46:01,961 INFO sqlalchemy.engine.Engine BEGIN (implicit)
INFO:sqlalchemy.engine.Engine:BEGIN (implicit)
2026-02-05 23:46:01,962 INFO sqlalchemy.engine.Engine SELECT training_tasks.id AS training_tasks_id, training_tasks.task_name AS training_tasks_task_name, training_tasks.model_type AS training_tasks_model_type, training_tasks.language AS training_tasks_language, training_tasks.status AS training_tasks_status, training_tasks.parameters AS training_tasks_parameters, training_tasks.dataset_path AS training_tasks_dataset_path, training_tasks.result_path AS training_tasks_result_path, training_tasks.created_at AS training_tasks_created_at, training_tasks.updated_at AS training_tasks_updated_at, training_tasks.created_by AS training_tasks_created_by 
FROM training_tasks 
WHERE training_tasks.id = %(id_1)s 
 LIMIT %(param_1)s
INFO:sqlalchemy.engine.Engine:SELECT training_tasks.id AS training_tasks_id, training_tasks.task_name AS training_tasks_task_name, training_tasks.model_type AS training_tasks_model_type, training_tasks.language AS training_tasks_language, training_tasks.status AS training_tasks_status, training_tasks.parameters AS training_tasks_parameters, training_tasks.dataset_path AS training_tasks_dataset_path, training_tasks.result_path AS training_tasks_result_path, training_tasks.created_at AS training_tasks_created_at, training_tasks.updated_at AS training_tasks_updated_at, training_tasks.created_by AS training_tasks_created_by 
FROM training_tasks 
WHERE training_tasks.id = %(id_1)s 
 LIMIT %(param_1)s
2026-02-05 23:46:01,962 INFO sqlalchemy.engine.Engine [cached since 497.8s ago] {'id_1': 70, 'param_1': 1}
INFO:sqlalchemy.engine.Engine:[cached since 497.8s ago] {'id_1': 70, 'param_1': 1}
INFO:     127.0.0.1:36616 - "GET /api/training/tasks/70 HTTP/1.1" 200 OK
2026-02-05 23:46:01,965 INFO sqlalchemy.engine.Engine ROLLBACK
INFO:sqlalchemy.engine.Engine:ROLLBACK
INFO:     127.0.0.1:56286 - "OPTIONS /api/training/tasks/70 HTTP/1.1" 200 OK
2026-02-05 23:46:07,550 INFO sqlalchemy.engine.Engine BEGIN (implicit)
INFO:sqlalchemy.engine.Engine:BEGIN (implicit)
2026-02-05 23:46:07,550 INFO sqlalchemy.engine.Engine SELECT training_tasks.id AS training_tasks_id, training_tasks.task_name AS training_tasks_task_name, training_tasks.model_type AS training_tasks_model_type, training_tasks.language AS training_tasks_language, training_tasks.status AS training_tasks_status, training_tasks.parameters AS training_tasks_parameters, training_tasks.dataset_path AS training_tasks_dataset_path, training_tasks.result_path AS training_tasks_result_path, training_tasks.created_at AS training_tasks_created_at, training_tasks.updated_at AS training_tasks_updated_at, training_tasks.created_by AS training_tasks_created_by 
FROM training_tasks 
WHERE training_tasks.id = %(id_1)s 
 LIMIT %(param_1)s
INFO:sqlalchemy.engine.Engine:SELECT training_tasks.id AS training_tasks_id, training_tasks.task_name AS training_tasks_task_name, training_tasks.model_type AS training_tasks_model_type, training_tasks.language AS training_tasks_language, training_tasks.status AS training_tasks_status, training_tasks.parameters AS training_tasks_parameters, training_tasks.dataset_path AS training_tasks_dataset_path, training_tasks.result_path AS training_tasks_result_path, training_tasks.created_at AS training_tasks_created_at, training_tasks.updated_at AS training_tasks_updated_at, training_tasks.created_by AS training_tasks_created_by 
FROM training_tasks 
WHERE training_tasks.id = %(id_1)s 
 LIMIT %(param_1)s
2026-02-05 23:46:07,551 INFO sqlalchemy.engine.Engine [cached since 503.4s ago] {'id_1': 70, 'param_1': 1}
INFO:sqlalchemy.engine.Engine:[cached since 503.4s ago] {'id_1': 70, 'param_1': 1}
INFO:     127.0.0.1:56286 - "GET /api/training/tasks/70 HTTP/1.1" 200 OK
2026-02-05 23:46:07,552 INFO sqlalchemy.engine.Engine ROLLBACK
INFO:sqlalchemy.engine.Engine:ROLLBACK
